<?xml version="1.0" encoding="UTF-8"?>
<testsuites tests="1293" failures="3" disabled="0" errors="0" time="20690.8394074" name="API_HeavenAndEarth_AllTests_Unity.xml" dashboardVersion="1.0.270.0">
  <testsuite name="HeavenAndEarthInitBalance_TestSuite.xml" tests="10" failures="0" disabled="0" errors="0" time="99.0319839">
    <testcase name="HeavenAndEarth-InitBalance_MinValue" value_param="" type_param="" status="" time="21.5286773" start_time="12/29/2020 11:36 AM" classname="" />
    <testcase name="HeavenAndEarth-InitBalance_NegativeTen" value_param="" type_param="" status="" time="2.8931065" start_time="12/29/2020 11:36 AM" classname="" />
    <testcase name="HeavenAndEarth-InitBalance_NegativeOne" value_param="" type_param="" status="" time="8.1888598" start_time="12/29/2020 11:36 AM" classname="" />
    <testcase name="HeavenAndEarth-InitBalance_Zero" value_param="" type_param="" status="" time="3.7920935" start_time="12/29/2020 11:36 AM" classname="" />
    <testcase name="HeavenAndEarth-InitBalance_PositiveOne" value_param="" type_param="" status="" time="9.451807" start_time="12/29/2020 11:36 AM" classname="" />
    <testcase name="HeavenAndEarth-InitBalance_PositiveOneThousand" value_param="" type_param="" status="" time="5.4999321" start_time="12/29/2020 11:36 AM" classname="" />
    <testcase name="HeavenAndEarth-InitBalance_MaxValue" value_param="" type_param="" status="" time="10.861176" start_time="12/29/2020 11:36 AM" classname="" />
    <testcase name="HeavenAndEarth-InitBalance_NaN" value_param="" type_param="" status="" time="12.1511906" start_time="12/29/2020 11:37 AM" classname="" />
    <testcase name="HeavenAndEarth-InitBalance_NegativeInfinity" value_param="" type_param="" status="" time="12.2542395" start_time="12/29/2020 11:37 AM" classname="" />
    <testcase name="HeavenAndEarth-InitBalance_PositiveInfinity" value_param="" type_param="" status="" time="12.4109016" start_time="12/29/2020 11:37 AM" classname="" />
  </testsuite>
  <testsuite name="HeavenAndEarthInitBetIndex_TestSuite.xml" tests="11" failures="0" disabled="0" errors="0" time="74.8595287">
    <testcase name="HeavenAndEarth-InitBetIndex_MinValue" value_param="" type_param="" status="" time="5.9412882" start_time="12/29/2020 11:37 AM" classname="" />
    <testcase name="HeavenAndEarth-InitBetIndex_Zero" value_param="" type_param="" status="" time="5.9800413" start_time="12/29/2020 11:37 AM" classname="" />
    <testcase name="HeavenAndEarth-InitBetIndex_PositiveOne" value_param="" type_param="" status="" time="6.0202168" start_time="12/29/2020 11:37 AM" classname="" />
    <testcase name="HeavenAndEarth-InitBetIndex_PositiveThree" value_param="" type_param="" status="" time="5.6360417" start_time="12/29/2020 11:37 AM" classname="" />
    <testcase name="HeavenAndEarth-InitBetIndex_PositiveNine" value_param="" type_param="" status="" time="6.2387647" start_time="12/29/2020 11:38 AM" classname="" />
    <testcase name="HeavenAndEarth-InitBetIndex_PositiveTen" value_param="" type_param="" status="" time="6.185408" start_time="12/29/2020 11:38 AM" classname="" />
    <testcase name="HeavenAndEarth-InitBetIndex_PositiveTwoFiveSeven" value_param="" type_param="" status="" time="10.8991911" start_time="12/29/2020 11:38 AM" classname="" />
    <testcase name="HeavenAndEarth-InitBetIndex_MaxValue" value_param="" type_param="" status="" time="11.056735" start_time="12/29/2020 11:38 AM" classname="" />
    <testcase name="HeavenAndEarth-InitBetIndex_NaN" value_param="" type_param="" status="" time="5.8104112" start_time="12/29/2020 11:38 AM" classname="" />
    <testcase name="HeavenAndEarth-InitBetIndex_NegativeInfinity" value_param="" type_param="" status="" time="5.5620811" start_time="12/29/2020 11:38 AM" classname="" />
    <testcase name="HeavenAndEarth-InitBetIndex_PositiveInfinity" value_param="" type_param="" status="" time="5.5293496" start_time="12/29/2020 11:38 AM" classname="" />
  </testsuite>
  <testsuite name="HeavenAndEarthInitBetLevels_TestSuite.xml" tests="64" failures="0" disabled="0" errors="0" time="202.702756">
    <testcase name="HeavenAndEarth-InitBetLevels_MinValue_MinValue" value_param="" type_param="" status="" time="5.4694944" start_time="12/29/2020 11:38 AM" classname="" />
    <testcase name="HeavenAndEarth-InitBetLevels_MinValue_Zero" value_param="" type_param="" status="" time="5.5718189" start_time="12/29/2020 11:39 AM" classname="" />
    <testcase name="HeavenAndEarth-InitBetLevels_MinValue_PositiveOne" value_param="" type_param="" status="" time="5.3842962" start_time="12/29/2020 11:39 AM" classname="" />
    <testcase name="HeavenAndEarth-InitBetLevels_MinValue_PositiveTwoFiveSeven" value_param="" type_param="" status="" time="1.0629379" start_time="12/29/2020 11:39 AM" classname="" />
    <testcase name="HeavenAndEarth-InitBetLevels_MinValue_MaxValue" value_param="" type_param="" status="" time="0.9344408" start_time="12/29/2020 11:39 AM" classname="" />
    <testcase name="HeavenAndEarth-InitBetLevels_MinValue_NaN" value_param="" type_param="" status="" time="5.2640537" start_time="12/29/2020 11:39 AM" classname="" />
    <testcase name="HeavenAndEarth-InitBetLevels_MinValue_NegativeInfinity" value_param="" type_param="" status="" time="5.3738182" start_time="12/29/2020 11:39 AM" classname="" />
    <testcase name="HeavenAndEarth-InitBetLevels_MinValue_PositiveInfinity" value_param="" type_param="" status="" time="5.3984596" start_time="12/29/2020 11:39 AM" classname="" />
    <testcase name="HeavenAndEarth-InitBetLevels_Zero_MinValue" value_param="" type_param="" status="" time="5.4316087" start_time="12/29/2020 11:39 AM" classname="" />
    <testcase name="HeavenAndEarth-InitBetLevels_Zero_Zero" value_param="" type_param="" status="" time="5.3761427" start_time="12/29/2020 11:39 AM" classname="" />
    <testcase name="HeavenAndEarth-InitBetLevels_Zero_PositiveOne" value_param="" type_param="" status="" time="5.4544738" start_time="12/29/2020 11:39 AM" classname="" />
    <testcase name="HeavenAndEarth-InitBetLevels_Zero_PositiveTwoFiveSeven" value_param="" type_param="" status="" time="1.0383325" start_time="12/29/2020 11:39 AM" classname="" />
    <testcase name="HeavenAndEarth-InitBetLevels_Zero_MaxValue" value_param="" type_param="" status="" time="0.9000119" start_time="12/29/2020 11:39 AM" classname="" />
    <testcase name="HeavenAndEarth-InitBetLevels_Zero_NaN" value_param="" type_param="" status="" time="5.2362674" start_time="12/29/2020 11:39 AM" classname="" />
    <testcase name="HeavenAndEarth-InitBetLevels_Zero_NegativeInfinity" value_param="" type_param="" status="" time="5.4197396" start_time="12/29/2020 11:39 AM" classname="" />
    <testcase name="HeavenAndEarth-InitBetLevels_Zero_PositiveInfinity" value_param="" type_param="" status="" time="5.4013884" start_time="12/29/2020 11:39 AM" classname="" />
    <testcase name="HeavenAndEarth-InitBetLevels_PositiveOne_MinValue" value_param="" type_param="" status="" time="1.1080593" start_time="12/29/2020 11:40 AM" classname="" />
    <testcase name="HeavenAndEarth-InitBetLevels_PositiveOne_Zero" value_param="" type_param="" status="" time="0.9245611" start_time="12/29/2020 11:40 AM" classname="" />
    <testcase name="HeavenAndEarth-InitBetLevels_PositiveOne_PositiveOne" value_param="" type_param="" status="" time="5.1874032" start_time="12/29/2020 11:40 AM" classname="" />
    <testcase name="HeavenAndEarth-InitBetLevels_PositiveOne_PositiveTwoFiveSeven" value_param="" type_param="" status="" time="1.0374113" start_time="12/29/2020 11:40 AM" classname="" />
    <testcase name="HeavenAndEarth-InitBetLevels_PositiveOne_MaxValue" value_param="" type_param="" status="" time="0.9218301" start_time="12/29/2020 11:40 AM" classname="" />
    <testcase name="HeavenAndEarth-InitBetLevels_PositiveOne_NaN" value_param="" type_param="" status="" time="1.0830299" start_time="12/29/2020 11:40 AM" classname="" />
    <testcase name="HeavenAndEarth-InitBetLevels_PositiveOne_NegativeInfinity" value_param="" type_param="" status="" time="1.0382986" start_time="12/29/2020 11:40 AM" classname="" />
    <testcase name="HeavenAndEarth-InitBetLevels_PositiveOne_PositiveInfinity" value_param="" type_param="" status="" time="1.2528028" start_time="12/29/2020 11:40 AM" classname="" />
    <testcase name="HeavenAndEarth-InitBetLevels_PositiveTwoFiveSeven_MinValue" value_param="" type_param="" status="" time="1.1202186" start_time="12/29/2020 11:40 AM" classname="" />
    <testcase name="HeavenAndEarth-InitBetLevels_PositiveTwoFiveSeven_Zero" value_param="" type_param="" status="" time="1.3487408" start_time="12/29/2020 11:40 AM" classname="" />
    <testcase name="HeavenAndEarth-InitBetLevels_PositiveTwoFiveSeven_PositiveOne" value_param="" type_param="" status="" time="0.9771379" start_time="12/29/2020 11:40 AM" classname="" />
    <testcase name="HeavenAndEarth-InitBetLevels_PositiveTwoFiveSeven_PositiveTwoFiveSeven" value_param="" type_param="" status="" time="1.0583811" start_time="12/29/2020 11:40 AM" classname="" />
    <testcase name="HeavenAndEarth-InitBetLevels_PositiveTwoFiveSeven_MaxValue" value_param="" type_param="" status="" time="1.3809702" start_time="12/29/2020 11:40 AM" classname="" />
    <testcase name="HeavenAndEarth-InitBetLevels_PositiveTwoFiveSeven_NaN" value_param="" type_param="" status="" time="1.1473458" start_time="12/29/2020 11:40 AM" classname="" />
    <testcase name="HeavenAndEarth-InitBetLevels_PositiveTwoFiveSeven_NegativeInfinity" value_param="" type_param="" status="" time="0.9108777" start_time="12/29/2020 11:40 AM" classname="" />
    <testcase name="HeavenAndEarth-InitBetLevels_PositiveTwoFiveSeven_PositiveInfinity" value_param="" type_param="" status="" time="0.8705447" start_time="12/29/2020 11:40 AM" classname="" />
    <testcase name="HeavenAndEarth-InitBetLevels_MaxValue_MinValue" value_param="" type_param="" status="" time="0.8950891" start_time="12/29/2020 11:40 AM" classname="" />
    <testcase name="HeavenAndEarth-InitBetLevels_MaxValue_Zero" value_param="" type_param="" status="" time="0.9084818" start_time="12/29/2020 11:40 AM" classname="" />
    <testcase name="HeavenAndEarth-InitBetLevels_MaxValue_PositiveOne" value_param="" type_param="" status="" time="0.960297" start_time="12/29/2020 11:40 AM" classname="" />
    <testcase name="HeavenAndEarth-InitBetLevels_MaxValue_PositiveTwoFiveSeven" value_param="" type_param="" status="" time="1.2700407" start_time="12/29/2020 11:40 AM" classname="" />
    <testcase name="HeavenAndEarth-InitBetLevels_MaxValue_MaxValue" value_param="" type_param="" status="" time="1.3127863" start_time="12/29/2020 11:40 AM" classname="" />
    <testcase name="HeavenAndEarth-InitBetLevels_MaxValue_NaN" value_param="" type_param="" status="" time="1.3674171" start_time="12/29/2020 11:40 AM" classname="" />
    <testcase name="HeavenAndEarth-InitBetLevels_MaxValue_NegativeInfinity" value_param="" type_param="" status="" time="1.3124375" start_time="12/29/2020 11:40 AM" classname="" />
    <testcase name="HeavenAndEarth-InitBetLevels_MaxValue_PositiveInfinity" value_param="" type_param="" status="" time="1.3225911" start_time="12/29/2020 11:40 AM" classname="" />
    <testcase name="HeavenAndEarth-InitBetLevels_NaN_MinValue" value_param="" type_param="" status="" time="5.5286367" start_time="12/29/2020 11:40 AM" classname="" />
    <testcase name="HeavenAndEarth-InitBetLevels_NaN_Zero" value_param="" type_param="" status="" time="5.338973" start_time="12/29/2020 11:40 AM" classname="" />
    <testcase name="HeavenAndEarth-InitBetLevels_NaN_PositiveOne" value_param="" type_param="" status="" time="5.5040746" start_time="12/29/2020 11:40 AM" classname="" />
    <testcase name="HeavenAndEarth-InitBetLevels_NaN_PositiveTwoFiveSeven" value_param="" type_param="" status="" time="1.1044409" start_time="12/29/2020 11:40 AM" classname="" />
    <testcase name="HeavenAndEarth-InitBetLevels_NaN_MaxValue" value_param="" type_param="" status="" time="0.9183787" start_time="12/29/2020 11:40 AM" classname="" />
    <testcase name="HeavenAndEarth-InitBetLevels_NaN_NaN" value_param="" type_param="" status="" time="5.3147875" start_time="12/29/2020 11:40 AM" classname="" />
    <testcase name="HeavenAndEarth-InitBetLevels_NaN_NegativeInfinity" value_param="" type_param="" status="" time="5.4184484" start_time="12/29/2020 11:40 AM" classname="" />
    <testcase name="HeavenAndEarth-InitBetLevels_NaN_PositiveInfinity" value_param="" type_param="" status="" time="5.3875695" start_time="12/29/2020 11:41 AM" classname="" />
    <testcase name="HeavenAndEarth-InitBetLevels_NegativeInfinity_MinValue" value_param="" type_param="" status="" time="5.4252075" start_time="12/29/2020 11:41 AM" classname="" />
    <testcase name="HeavenAndEarth-InitBetLevels_NegativeInfinity_Zero" value_param="" type_param="" status="" time="5.4756502" start_time="12/29/2020 11:41 AM" classname="" />
    <testcase name="HeavenAndEarth-InitBetLevels_NegativeInfinity_PositiveOne" value_param="" type_param="" status="" time="5.439177" start_time="12/29/2020 11:41 AM" classname="" />
    <testcase name="HeavenAndEarth-InitBetLevels_NegativeInfinity_PositiveTwoFiveSeven" value_param="" type_param="" status="" time="1.0498207" start_time="12/29/2020 11:41 AM" classname="" />
    <testcase name="HeavenAndEarth-InitBetLevels_NegativeInfinity_MaxValue" value_param="" type_param="" status="" time="0.9483779" start_time="12/29/2020 11:41 AM" classname="" />
    <testcase name="HeavenAndEarth-InitBetLevels_NegativeInfinity_NaN" value_param="" type_param="" status="" time="5.2547191" start_time="12/29/2020 11:41 AM" classname="" />
    <testcase name="HeavenAndEarth-InitBetLevels_NegativeInfinity_NegativeInfinity" value_param="" type_param="" status="" time="5.3840215" start_time="12/29/2020 11:41 AM" classname="" />
    <testcase name="HeavenAndEarth-InitBetLevels_NegativeInfinity_PositiveInfinity" value_param="" type_param="" status="" time="5.3647511" start_time="12/29/2020 11:41 AM" classname="" />
    <testcase name="HeavenAndEarth-InitBetLevels_PositiveInfinity_MinValue" value_param="" type_param="" status="" time="5.3674764" start_time="12/29/2020 11:41 AM" classname="" />
    <testcase name="HeavenAndEarth-InitBetLevels_PositiveInfinity_Zero" value_param="" type_param="" status="" time="5.3345225" start_time="12/29/2020 11:41 AM" classname="" />
    <testcase name="HeavenAndEarth-InitBetLevels_PositiveInfinity_PositiveOne" value_param="" type_param="" status="" time="5.4030568" start_time="12/29/2020 11:41 AM" classname="" />
    <testcase name="HeavenAndEarth-InitBetLevels_PositiveInfinity_PositiveTwoFiveSeven" value_param="" type_param="" status="" time="1.2704233" start_time="12/29/2020 11:42 AM" classname="" />
    <testcase name="HeavenAndEarth-InitBetLevels_PositiveInfinity_MaxValue" value_param="" type_param="" status="" time="1.0100481" start_time="12/29/2020 11:42 AM" classname="" />
    <testcase name="HeavenAndEarth-InitBetLevels_PositiveInfinity_NaN" value_param="" type_param="" status="" time="5.208345" start_time="12/29/2020 11:42 AM" classname="" />
    <testcase name="HeavenAndEarth-InitBetLevels_PositiveInfinity_NegativeInfinity" value_param="" type_param="" status="" time="5.3992152" start_time="12/29/2020 11:42 AM" classname="" />
    <testcase name="HeavenAndEarth-InitBetLevels_PositiveInfinity_PositiveInfinity" value_param="" type_param="" status="" time="5.418596" start_time="12/29/2020 11:42 AM" classname="" />
  </testsuite>
  <testsuite name="HeavenAndEarthInitBets_TestSuite.xml" tests="11" failures="0" disabled="0" errors="0" time="274.658706">
    <testcase name="HeavenAndEarth-InitBets_FourOptions" value_param="" type_param="" status="" time="47.8211567" start_time="12/29/2020 11:42 AM" classname="" />
    <testcase name="HeavenAndEarth-InitBets_FiveOptions_ChangeAfterSixRounds" value_param="" type_param="" status="" time="46.6616255" start_time="12/29/2020 11:43 AM" classname="" />
    <testcase name="HeavenAndEarth-InitBets_FourOptions_ChangeAfterSixRounds" value_param="" type_param="" status="" time="45.2906912" start_time="12/29/2020 11:43 AM" classname="" />
    <testcase name="HeavenAndEarth-InitBets_FiveOptions_MinValue" value_param="" type_param="" status="" time="0.7871493" start_time="12/29/2020 11:44 AM" classname="" />
    <testcase name="HeavenAndEarth-InitBets_FiveOptions_MaxValue" value_param="" type_param="" status="" time="36.2645168" start_time="12/29/2020 11:44 AM" classname="" />
    <testcase name="HeavenAndEarth-InitBets_FiveOptions_ZeroValue" value_param="" type_param="" status="" time="1.3499503" start_time="12/29/2020 11:45 AM" classname="" />
    <testcase name="HeavenAndEarth-InitBets_FiveOptions_TenThousandAndOne" value_param="" type_param="" status="" time="14.2443237" start_time="12/29/2020 11:45 AM" classname="" />
    <testcase name="HeavenAndEarth-InitBets_NineOptions" value_param="" type_param="" status="" time="36.1565818" start_time="12/29/2020 11:45 AM" classname="" />
    <testcase name="HeavenAndEarth-InitBets_ElevenOptions" value_param="" type_param="" status="" time="42.1308091" start_time="12/29/2020 11:46 AM" classname="" />
    <testcase name="HeavenAndEarth-InitBets_ExactNumberOfOptions" value_param="" type_param="" status="" time="2.4987728" start_time="12/29/2020 11:46 AM" classname="" />
    <testcase name="HeavenAndEarth-InitBets_TooManyOptions" value_param="" type_param="" status="" time="1.4531288" start_time="12/29/2020 11:46 AM" classname="" />
  </testsuite>
  <testsuite name="HeavenAndEarthInitBetsEnabled_TestSuite.xml" tests="13" failures="0" disabled="0" errors="0" time="231.693474">
    <testcase name="HeavenAndEarth-BetsEnabled-One,Three,Five,Seven" value_param="" type_param="" status="" time="18.7023553" start_time="12/29/2020 11:46 AM" classname="" />
    <testcase name="HeavenAndEarth-BetsEnabled-FirstBet" value_param="" type_param="" status="" time="10.4441119" start_time="12/29/2020 11:47 AM" classname="" />
    <testcase name="HeavenAndEarth-BetsEnabled-LastBet" value_param="" type_param="" status="" time="9.4614819" start_time="12/29/2020 11:47 AM" classname="" />
    <testcase name="HeavenAndEarth-BetsEnabled-NoBet" value_param="" type_param="" status="" time="38.4537663" start_time="12/29/2020 11:47 AM" classname="" />
    <testcase name="HeavenAndEarth-BetLevel_TenThousandAndOne" value_param="" type_param="" status="" time="6.157472" start_time="12/29/2020 11:48 AM" classname="" />
    <testcase name="HeavenAndEarth-BetsEnabled-SingleBet" value_param="" type_param="" status="" time="9.4329755" start_time="12/29/2020 11:48 AM" classname="" />
    <testcase name="HeavenAndEarth-BetsEnabled-AllBet-MinMax" value_param="" type_param="" status="" time="12.670442" start_time="12/29/2020 11:48 AM" classname="" />
    <testcase name="HeavenAndEarth-BetsEnabled-NoBet-MinMax" value_param="" type_param="" status="" time="33.9047687" start_time="12/29/2020 11:48 AM" classname="" />
    <testcase name="HeavenAndEarth-BetsEnabled-MinValue" value_param="" type_param="" status="" time="11.4417924" start_time="12/29/2020 11:49 AM" classname="" />
    <testcase name="HeavenAndEarth-BetsEnabled-MaxValue" value_param="" type_param="" status="" time="13.6579167" start_time="12/29/2020 11:49 AM" classname="" />
    <testcase name="HeavenAndEarth-BetsEnabled-ZeroValue" value_param="" type_param="" status="" time="12.5701664" start_time="12/29/2020 11:49 AM" classname="" />
    <testcase name="HeavenAndEarth-BetsEnabled-FourOptions_ChangeAfterSixRounds" value_param="" type_param="" status="" time="47.8388441" start_time="12/29/2020 11:49 AM" classname="" />
    <testcase name="HeavenAndEarth-BetsEnabled-DuringRecovery" value_param="" type_param="" status="" time="6.9573808" start_time="12/29/2020 11:50 AM" classname="" />
  </testsuite>
  <testsuite name="HeavenAndEarthInitClearRecoveryData_TestSuite.xml" tests="2" failures="0" disabled="0" errors="0" time="21.9860333">
    <testcase name="HeavenAndEarth-InitGameClearRecoveryData_True" value_param="" type_param="" status="" time="14.5951964" start_time="12/29/2020 11:50 AM" classname="" />
    <testcase name="HeavenAndEarth-InitGameClearRecoveryData_False" value_param="" type_param="" status="" time="7.3908369" start_time="12/29/2020 11:51 AM" classname="" />
  </testsuite>
  <testsuite name="HeavenAndEarthInitGamePosition_TestSuite.xml" tests="99" failures="0" disabled="0" errors="0" time="845.043386">
    <testcase name="HeavenAndEarth-InitGamePosition_Min_Min" value_param="" type_param="" status="" time="8.3190707" start_time="12/29/2020 11:51 AM" classname="" />
    <testcase name="HeavenAndEarth-InitGamePosition_NegativeTwoFiveSeven_Min" value_param="" type_param="" status="" time="8.2784563" start_time="12/29/2020 11:51 AM" classname="" />
    <testcase name="HeavenAndEarth-InitGamePosition_NegativeOne_Min" value_param="" type_param="" status="" time="8.2630266" start_time="12/29/2020 11:51 AM" classname="" />
    <testcase name="HeavenAndEarth-InitGamePosition_Zero_Min" value_param="" type_param="" status="" time="8.2555255" start_time="12/29/2020 11:51 AM" classname="" />
    <testcase name="HeavenAndEarth-InitGamePosition_PositiveOne_Min" value_param="" type_param="" status="" time="8.2978198" start_time="12/29/2020 11:51 AM" classname="" />
    <testcase name="HeavenAndEarth-InitGamePosition_PositiveTwoFiveSeven_Min" value_param="" type_param="" status="" time="8.1930545" start_time="12/29/2020 11:51 AM" classname="" />
    <testcase name="HeavenAndEarth-InitGamePosition_Max_Min" value_param="" type_param="" status="" time="9.7629674" start_time="12/29/2020 11:51 AM" classname="" />
    <testcase name="HeavenAndEarth-InitGamePosition_NaN_Min" value_param="" type_param="" status="" time="9.1901724" start_time="12/29/2020 11:52 AM" classname="" />
    <testcase name="HeavenAndEarth-InitGamePosition_NegativeInfinity_Min" value_param="" type_param="" status="" time="9.1330308" start_time="12/29/2020 11:52 AM" classname="" />
    <testcase name="HeavenAndEarth-InitGamePosition_PositiveInfinity_Min" value_param="" type_param="" status="" time="8.2419817" start_time="12/29/2020 11:52 AM" classname="" />
    <testcase name="HeavenAndEarth-InitGamePosition_Min_NegativeTwoFiveSeven" value_param="" type_param="" status="" time="8.2585817" start_time="12/29/2020 11:52 AM" classname="" />
    <testcase name="HeavenAndEarth-InitGamePosition_NegativeTwoFiveSeven_NegativeTwoFiveSeven" value_param="" type_param="" status="" time="8.1748553" start_time="12/29/2020 11:52 AM" classname="" />
    <testcase name="HeavenAndEarth-InitGamePosition_NegativeOne_NegativeTwoFiveSeven" value_param="" type_param="" status="" time="9.1995704" start_time="12/29/2020 11:58 AM" classname="" />
    <testcase name="HeavenAndEarth-InitGamePosition_Zero_NegativeTwoFiveSeven" value_param="" type_param="" status="" time="8.2169407" start_time="12/29/2020 11:52 AM" classname="" />
    <testcase name="HeavenAndEarth-InitGamePosition_PositiveOne_NegativeTwoFiveSeven" value_param="" type_param="" status="" time="8.3188361" start_time="12/29/2020 11:53 AM" classname="" />
    <testcase name="HeavenAndEarth-InitGamePosition_PositiveTwoFiveSeven_NegativeTwoFiveSeven" value_param="" type_param="" status="" time="8.1641068" start_time="12/29/2020 11:53 AM" classname="" />
    <testcase name="HeavenAndEarth-InitGamePosition_Max_NegativeTwoFiveSeven" value_param="" type_param="" status="" time="8.213098" start_time="12/29/2020 11:53 AM" classname="" />
    <testcase name="HeavenAndEarth-InitGamePosition_NaN_NegativeTwoFiveSeven" value_param="" type_param="" status="" time="8.1744406" start_time="12/29/2020 11:53 AM" classname="" />
    <testcase name="HeavenAndEarth-InitGamePosition_NegativeInfinity_NegativeTwoFiveSeven" value_param="" type_param="" status="" time="8.226275" start_time="12/29/2020 11:53 AM" classname="" />
    <testcase name="HeavenAndEarth-InitGamePosition_PositiveInfinity_NegativeTwoFiveSeven" value_param="" type_param="" status="" time="8.1390153" start_time="12/29/2020 11:53 AM" classname="" />
    <testcase name="HeavenAndEarth-InitGamePosition_Min_NegativeOne" value_param="" type_param="" status="" time="8.2656848" start_time="12/29/2020 11:53 AM" classname="" />
    <testcase name="HeavenAndEarth-InitGamePosition_NegativeTwoFiveSeven_NegativeOne" value_param="" type_param="" status="" time="8.3866587" start_time="12/29/2020 11:54 AM" classname="" />
    <testcase name="HeavenAndEarth-InitGamePosition_NegativeOne_NegativeOne" value_param="" type_param="" status="" time="8.2002204" start_time="12/29/2020 11:54 AM" classname="" />
    <testcase name="HeavenAndEarth-InitGamePosition_Zero_NegativeOne" value_param="" type_param="" status="" time="8.5385708" start_time="12/29/2020 11:54 AM" classname="" />
    <testcase name="HeavenAndEarth-InitGamePosition_PositiveOne_NegativeOne" value_param="" type_param="" status="" time="9.1213941" start_time="12/29/2020 11:54 AM" classname="" />
    <testcase name="HeavenAndEarth-InitGamePosition_PositiveTwoFiveSeven_NegativeOne" value_param="" type_param="" status="" time="8.2924606" start_time="12/29/2020 11:54 AM" classname="" />
    <testcase name="HeavenAndEarth-InitGamePosition_Max_NegativeOne" value_param="" type_param="" status="" time="8.2164737" start_time="12/29/2020 11:54 AM" classname="" />
    <testcase name="HeavenAndEarth-InitGamePosition_NaN_NegativeOne" value_param="" type_param="" status="" time="8.2783409" start_time="12/29/2020 11:54 AM" classname="" />
    <testcase name="HeavenAndEarth-InitGamePosition_NegativeInfinity_NegativeOne" value_param="" type_param="" status="" time="8.2947326" start_time="12/29/2020 11:55 AM" classname="" />
    <testcase name="HeavenAndEarth-InitGamePosition_PositiveInfinity_NegativeOne" value_param="" type_param="" status="" time="8.2795217" start_time="12/29/2020 11:55 AM" classname="" />
    <testcase name="HeavenAndEarth-InitGamePosition_Min_Zero" value_param="" type_param="" status="" time="9.0957389" start_time="12/29/2020 11:55 AM" classname="" />
    <testcase name="HeavenAndEarth-InitGamePosition_NegativeTwoFiveSeven_Zero" value_param="" type_param="" status="" time="9.0690187" start_time="12/29/2020 11:55 AM" classname="" />
    <testcase name="HeavenAndEarth-InitGamePosition_NegativeOne_Zero" value_param="" type_param="" status="" time="9.3813992" start_time="12/29/2020 11:55 AM" classname="" />
    <testcase name="HeavenAndEarth-InitGamePosition_Zero_Zero" value_param="" type_param="" status="" time="8.3477736" start_time="12/29/2020 11:55 AM" classname="" />
    <testcase name="HeavenAndEarth-InitGamePosition_PositiveOne_Zero" value_param="" type_param="" status="" time="8.3273289" start_time="12/29/2020 11:55 AM" classname="" />
    <testcase name="HeavenAndEarth-InitGamePosition_PositiveTwoFiveSeven_Zero" value_param="" type_param="" status="" time="8.3157008" start_time="12/29/2020 11:56 AM" classname="" />
    <testcase name="HeavenAndEarth-InitGamePosition_Max_Zero" value_param="" type_param="" status="" time="8.5648197" start_time="12/29/2020 11:56 AM" classname="" />
    <testcase name="HeavenAndEarth-InitGamePosition_NaN_Zero" value_param="" type_param="" status="" time="8.9193862" start_time="12/29/2020 11:56 AM" classname="" />
    <testcase name="HeavenAndEarth-InitGamePosition_NegativeInfinity_Zero" value_param="" type_param="" status="" time="9.400934" start_time="12/29/2020 11:56 AM" classname="" />
    <testcase name="HeavenAndEarth-InitGamePosition_PositiveInfinity_Zero" value_param="" type_param="" status="" time="8.5058846" start_time="12/29/2020 11:56 AM" classname="" />
    <testcase name="HeavenAndEarth-InitGamePosition_Min_PositiveOne" value_param="" type_param="" status="" time="8.2368072" start_time="12/29/2020 11:56 AM" classname="" />
    <testcase name="HeavenAndEarth-InitGamePosition_NegativeTwoFiveSeven_PositiveOne" value_param="" type_param="" status="" time="8.2527729" start_time="12/29/2020 11:56 AM" classname="" />
    <testcase name="HeavenAndEarth-InitGamePosition_NegativeOne_PositiveOne" value_param="" type_param="" status="" time="8.2522214" start_time="12/29/2020 11:57 AM" classname="" />
    <testcase name="HeavenAndEarth-InitGamePosition_Zero_PositiveOne" value_param="" type_param="" status="" time="8.1477327" start_time="12/29/2020 11:57 AM" classname="" />
    <testcase name="HeavenAndEarth-InitGamePosition_PositiveOne_PositiveOne" value_param="" type_param="" status="" time="8.3015037" start_time="12/29/2020 11:57 AM" classname="" />
    <testcase name="HeavenAndEarth-InitGamePosition_PositiveTwoFiveSeven_PositiveOne" value_param="" type_param="" status="" time="8.9008823" start_time="12/29/2020 11:57 AM" classname="" />
    <testcase name="HeavenAndEarth-InitGamePosition_Max_PositiveOne" value_param="" type_param="" status="" time="9.1927326" start_time="12/29/2020 11:57 AM" classname="" />
    <testcase name="HeavenAndEarth-InitGamePosition_NaN_PositiveOne" value_param="" type_param="" status="" time="8.7370182" start_time="12/29/2020 11:57 AM" classname="" />
    <testcase name="HeavenAndEarth-InitGamePosition_NegativeInfinity_PositiveOne" value_param="" type_param="" status="" time="9.190098" start_time="12/29/2020 11:57 AM" classname="" />
    <testcase name="HeavenAndEarth-InitGamePosition_PositiveInfinity_PositiveOne" value_param="" type_param="" status="" time="9.2599323" start_time="12/29/2020 11:58 AM" classname="" />
    <testcase name="HeavenAndEarth-InitGamePosition_Min_PositiveTwoFiveSeven" value_param="" type_param="" status="" time="9.0794102" start_time="12/29/2020 11:58 AM" classname="" />
    <testcase name="HeavenAndEarth-InitGamePosition_NegativeTwoFiveSeven_PositiveTwoFiveSeven" value_param="" type_param="" status="" time="10.1403088" start_time="12/29/2020 11:58 AM" classname="" />
    <testcase name="HeavenAndEarth-InitGamePosition_Zero_PositiveTwoFiveSeven" value_param="" type_param="" status="" time="9.1164202" start_time="12/29/2020 11:58 AM" classname="" />
    <testcase name="HeavenAndEarth-InitGamePosition_PositiveOne_PositiveTwoFiveSeven" value_param="" type_param="" status="" time="8.1679064" start_time="12/29/2020 11:58 AM" classname="" />
    <testcase name="HeavenAndEarth-InitGamePosition_PositiveTwoFiveSeven_PositiveTwoFiveSeven" value_param="" type_param="" status="" time="8.5555742" start_time="12/29/2020 11:58 AM" classname="" />
    <testcase name="HeavenAndEarth-InitGamePosition_Max_PositiveTwoFiveSeven" value_param="" type_param="" status="" time="9.0498286" start_time="12/29/2020 11:59 AM" classname="" />
    <testcase name="HeavenAndEarth-InitGamePosition_NaN_PositiveTwoFiveSeven" value_param="" type_param="" status="" time="9.299536" start_time="12/29/2020 11:59 AM" classname="" />
    <testcase name="HeavenAndEarth-InitGamePosition_NegativeInfinity_PositiveTwoFiveSeven" value_param="" type_param="" status="" time="8.592343" start_time="12/29/2020 11:59 AM" classname="" />
    <testcase name="HeavenAndEarth-InitGamePosition_PositiveInfinity_PositiveTwoFiveSeven" value_param="" type_param="" status="" time="8.2301407" start_time="12/29/2020 11:59 AM" classname="" />
    <testcase name="HeavenAndEarth-InitGamePosition_Min_Max" value_param="" type_param="" status="" time="8.242" start_time="12/29/2020 11:59 AM" classname="" />
    <testcase name="HeavenAndEarth-InitGamePosition_NegativeTwoFiveSeven_Max" value_param="" type_param="" status="" time="8.1708666" start_time="12/29/2020 11:59 AM" classname="" />
    <testcase name="HeavenAndEarth-InitGamePosition_NegativeOne_Max" value_param="" type_param="" status="" time="8.2247556" start_time="12/29/2020 11:59 AM" classname="" />
    <testcase name="HeavenAndEarth-InitGamePosition_Zero_Max" value_param="" type_param="" status="" time="8.2037367" start_time="12/29/2020 12:00 PM" classname="" />
    <testcase name="HeavenAndEarth-InitGamePosition_PositiveOne_Max" value_param="" type_param="" status="" time="9.1153181" start_time="12/29/2020 12:00 PM" classname="" />
    <testcase name="HeavenAndEarth-InitGamePosition_PositiveTwoFiveSeven_Max" value_param="" type_param="" status="" time="9.9165516" start_time="12/29/2020 12:00 PM" classname="" />
    <testcase name="HeavenAndEarth-InitGamePosition_Max_Max" value_param="" type_param="" status="" time="8.5776593" start_time="12/29/2020 12:00 PM" classname="" />
    <testcase name="HeavenAndEarth-InitGamePosition_NaN_Max" value_param="" type_param="" status="" time="8.2317192" start_time="12/29/2020 12:00 PM" classname="" />
    <testcase name="HeavenAndEarth-InitGamePosition_NegativeInfinity_Max" value_param="" type_param="" status="" time="8.1458634" start_time="12/29/2020 12:00 PM" classname="" />
    <testcase name="HeavenAndEarth-InitGamePosition_PositiveInfinity_Max" value_param="" type_param="" status="" time="8.2409208" start_time="12/29/2020 12:01 PM" classname="" />
    <testcase name="HeavenAndEarth-InitGamePosition_Min_NaN" value_param="" type_param="" status="" time="8.3232923" start_time="12/29/2020 12:01 PM" classname="" />
    <testcase name="HeavenAndEarth-InitGamePosition_NegativeTwoFiveSeven_NaN" value_param="" type_param="" status="" time="8.212232" start_time="12/29/2020 12:01 PM" classname="" />
    <testcase name="HeavenAndEarth-InitGamePosition_NegativeOne_NaN" value_param="" type_param="" status="" time="8.7590809" start_time="12/29/2020 12:01 PM" classname="" />
    <testcase name="HeavenAndEarth-InitGamePosition_Zero_NaN" value_param="" type_param="" status="" time="8.9909239" start_time="12/29/2020 12:01 PM" classname="" />
    <testcase name="HeavenAndEarth-InitGamePosition_PositiveOne_NaN" value_param="" type_param="" status="" time="8.7671279" start_time="12/29/2020 12:01 PM" classname="" />
    <testcase name="HeavenAndEarth-InitGamePosition_PositiveTwoFiveSeven_NaN" value_param="" type_param="" status="" time="8.3118941" start_time="12/29/2020 12:01 PM" classname="" />
    <testcase name="HeavenAndEarth-InitGamePosition_Max_NaN" value_param="" type_param="" status="" time="8.312254" start_time="12/29/2020 12:01 PM" classname="" />
    <testcase name="HeavenAndEarth-InitGamePosition_NaN_NaN" value_param="" type_param="" status="" time="8.2612111" start_time="12/29/2020 12:02 PM" classname="" />
    <testcase name="HeavenAndEarth-InitGamePosition_NegativeInfinity_NaN" value_param="" type_param="" status="" time="8.5156217" start_time="12/29/2020 12:02 PM" classname="" />
    <testcase name="HeavenAndEarth-InitGamePosition_PositiveInfinity_NaN" value_param="" type_param="" status="" time="9.0609083" start_time="12/29/2020 12:02 PM" classname="" />
    <testcase name="HeavenAndEarth-InitGamePosition_Min_NegativeInfinity" value_param="" type_param="" status="" time="9.4350621" start_time="12/29/2020 12:02 PM" classname="" />
    <testcase name="HeavenAndEarth-InitGamePosition_NegativeTwoFiveSeven_NegativeInfinity" value_param="" type_param="" status="" time="8.5833176" start_time="12/29/2020 12:02 PM" classname="" />
    <testcase name="HeavenAndEarth-InitGamePosition_NegativeOne_NegativeInfinity" value_param="" type_param="" status="" time="8.2990253" start_time="12/29/2020 12:02 PM" classname="" />
    <testcase name="HeavenAndEarth-InitGamePosition_Zero_NegativeInfinity" value_param="" type_param="" status="" time="8.4279193" start_time="12/29/2020 12:03 PM" classname="" />
    <testcase name="HeavenAndEarth-InitGamePosition_PositiveOne_NegativeInfinity" value_param="" type_param="" status="" time="8.2493984" start_time="12/29/2020 12:03 PM" classname="" />
    <testcase name="HeavenAndEarth-InitGamePosition_PositiveTwoFiveSeven_NegativeInfinity" value_param="" type_param="" status="" time="8.1758607" start_time="12/29/2020 12:03 PM" classname="" />
    <testcase name="HeavenAndEarth-InitGamePosition_Max_NegativeInfinity" value_param="" type_param="" status="" time="8.3575312" start_time="12/29/2020 12:03 PM" classname="" />
    <testcase name="HeavenAndEarth-InitGamePosition_NaN_NegativeInfinity" value_param="" type_param="" status="" time="8.194117" start_time="12/29/2020 12:03 PM" classname="" />
    <testcase name="HeavenAndEarth-InitGamePosition_NegativeInfinity_NegativeInfinity" value_param="" type_param="" status="" time="8.295603" start_time="12/29/2020 12:03 PM" classname="" />
    <testcase name="HeavenAndEarth-InitGamePosition_PositiveInfinity_NegativeInfinity" value_param="" type_param="" status="" time="8.3570481" start_time="12/29/2020 12:03 PM" classname="" />
    <testcase name="HeavenAndEarth-InitGamePosition_Min_PositiveInfinity" value_param="" type_param="" status="" time="8.2286227" start_time="12/29/2020 12:03 PM" classname="" />
    <testcase name="HeavenAndEarth-InitGamePosition_NegativeTwoFiveSeven_PositiveInfinity" value_param="" type_param="" status="" time="8.2797359" start_time="12/29/2020 12:04 PM" classname="" />
    <testcase name="HeavenAndEarth-InitGamePosition_NegativeOne_PositiveInfinity" value_param="" type_param="" status="" time="8.2227626" start_time="12/29/2020 12:04 PM" classname="" />
    <testcase name="HeavenAndEarth-InitGamePosition_Zero_PositiveInfinity" value_param="" type_param="" status="" time="8.2599303" start_time="12/29/2020 12:04 PM" classname="" />
    <testcase name="HeavenAndEarth-InitGamePosition_PositiveOne_PositiveInfinity" value_param="" type_param="" status="" time="8.2748681" start_time="12/29/2020 12:04 PM" classname="" />
    <testcase name="HeavenAndEarth-InitGamePosition_PositiveTwoFiveSeven_PositiveInfinity" value_param="" type_param="" status="" time="8.4138924" start_time="12/29/2020 12:04 PM" classname="" />
    <testcase name="HeavenAndEarth-InitGamePosition_Max_PositiveInfinity" value_param="" type_param="" status="" time="8.1116897" start_time="12/29/2020 12:04 PM" classname="" />
    <testcase name="HeavenAndEarth-InitGamePosition_NaN_PositiveInfinity" value_param="" type_param="" status="" time="8.2383005" start_time="12/29/2020 12:04 PM" classname="" />
    <testcase name="HeavenAndEarth-InitGamePosition_NegativeInfinity_PositiveInfinity" value_param="" type_param="" status="" time="8.3003722" start_time="12/29/2020 12:05 PM" classname="" />
    <testcase name="HeavenAndEarth-InitGamePosition_PositiveInfinity_PositiveInfinity" value_param="" type_param="" status="" time="8.2283535" start_time="12/29/2020 12:05 PM" classname="" />
  </testsuite>
  <testsuite name="HeavenAndEarthInitGameSize_TestSuite.xml" tests="36" failures="0" disabled="0" errors="0" time="195.9127162">
    <testcase name="HeavenAndEarth-InitGameSize_NegativeTwoFiveSeven_NegativeTwoFiveSeven" value_param="" type_param="" status="" time="2.1149547" start_time="12/29/2020 12:05 PM" classname="" />
    <testcase name="HeavenAndEarth-InitGameSize_NegativeTwoFiveSeven_NegativeOne" value_param="" type_param="" status="" time="2.0034353" start_time="12/29/2020 12:05 PM" classname="" />
    <testcase name="HeavenAndEarth-InitGameSize_NegativeTwoFiveSeven_Zero" value_param="" type_param="" status="" time="2.0738301" start_time="12/29/2020 12:05 PM" classname="" />
    <testcase name="HeavenAndEarth-InitGameSize_NegativeTwoFiveSeven_PositiveOne" value_param="" type_param="" status="" time="2.0057477" start_time="12/29/2020 12:05 PM" classname="" />
    <testcase name="HeavenAndEarth-InitGameSize_NegativeTwoFiveSeven_PositiveTwoFiveSeven" value_param="" type_param="" status="" time="2.1024197" start_time="12/29/2020 12:05 PM" classname="" />
    <testcase name="HeavenAndEarth-InitGameSize_NegativeTwoFiveSeven_MaxValue" value_param="" type_param="" status="" time="2.0601991" start_time="12/29/2020 12:05 PM" classname="" />
    <testcase name="HeavenAndEarth-InitGameSize_NegativeOne_NegativeTwoFiveSeven" value_param="" type_param="" status="" time="2.0983756" start_time="12/29/2020 12:05 PM" classname="" />
    <testcase name="HeavenAndEarth-InitGameSize_NegativeOne_NegativeOne" value_param="" type_param="" status="" time="2.0556372" start_time="12/29/2020 12:05 PM" classname="" />
    <testcase name="HeavenAndEarth-InitGameSize_NegativeOne_Zero" value_param="" type_param="" status="" time="1.976203" start_time="12/29/2020 12:05 PM" classname="" />
    <testcase name="HeavenAndEarth-InitGameSize_NegativeOne_PositiveOne" value_param="" type_param="" status="" time="2.0374141" start_time="12/29/2020 12:05 PM" classname="" />
    <testcase name="HeavenAndEarth-InitGameSize_NegativeOne_PositiveTwoFiveSeven" value_param="" type_param="" status="" time="1.9807157" start_time="12/29/2020 12:05 PM" classname="" />
    <testcase name="HeavenAndEarth-InitGameSize_NegativeOne_MaxValue" value_param="" type_param="" status="" time="2.0056316" start_time="12/29/2020 12:05 PM" classname="" />
    <testcase name="HeavenAndEarth-InitGameSize_Zero_NegativeTwoFiveSeven" value_param="" type_param="" status="" time="2.139011" start_time="12/29/2020 12:05 PM" classname="" />
    <testcase name="HeavenAndEarth-InitGameSize_Zero_NegativeOne" value_param="" type_param="" status="" time="2.0474026" start_time="12/29/2020 12:05 PM" classname="" />
    <testcase name="HeavenAndEarth-InitGameSize_Zero_Zero" value_param="" type_param="" status="" time="6.926067" start_time="12/29/2020 12:05 PM" classname="" />
    <testcase name="HeavenAndEarth-InitGameSize_Zero_PositiveOne" value_param="" type_param="" status="" time="6.9999365" start_time="12/29/2020 12:05 PM" classname="" />
    <testcase name="HeavenAndEarth-InitGameSize_Zero_PositiveTwoFiveSeven" value_param="" type_param="" status="" time="7.1411743" start_time="12/29/2020 12:06 PM" classname="" />
    <testcase name="HeavenAndEarth-InitGameSize_Zero_MaxValue" value_param="" type_param="" status="" time="14.0041826" start_time="12/29/2020 12:06 PM" classname="" />
    <testcase name="HeavenAndEarth-InitGameSize_PositiveOne_NegativeTwoFiveSeven" value_param="" type_param="" status="" time="2.5542636" start_time="12/29/2020 12:06 PM" classname="" />
    <testcase name="HeavenAndEarth-InitGameSize_PositiveOne_NegativeOne" value_param="" type_param="" status="" time="2.6396918" start_time="12/29/2020 12:06 PM" classname="" />
    <testcase name="HeavenAndEarth-InitGameSize_PositiveOne_Zero" value_param="" type_param="" status="" time="7.070465" start_time="12/29/2020 12:06 PM" classname="" />
    <testcase name="HeavenAndEarth-InitGameSize_PositiveOne_PositiveOne" value_param="" type_param="" status="" time="7.1492563" start_time="12/29/2020 12:06 PM" classname="" />
    <testcase name="HeavenAndEarth-InitGameSize_PositiveOne_PositiveTwoFiveSeven" value_param="" type_param="" status="" time="7.0498237" start_time="12/29/2020 12:06 PM" classname="" />
    <testcase name="HeavenAndEarth-InitGameSize_PositiveOne_MaxValue" value_param="" type_param="" status="" time="13.3154497" start_time="12/29/2020 12:06 PM" classname="" />
    <testcase name="HeavenAndEarth-InitGameSize_PositiveTwoFiveSeven_NegativeTwoFiveSeven" value_param="" type_param="" status="" time="2.0639962" start_time="12/29/2020 12:07 PM" classname="" />
    <testcase name="HeavenAndEarth-InitGameSize_PositiveTwoFiveSeven_NegativeOne" value_param="" type_param="" status="" time="1.9959392" start_time="12/29/2020 12:07 PM" classname="" />
    <testcase name="HeavenAndEarth-InitGameSize_PositiveTwoFiveSeven_Zero" value_param="" type_param="" status="" time="6.1415649" start_time="12/29/2020 12:07 PM" classname="" />
    <testcase name="HeavenAndEarth-InitGameSize_PositiveTwoFiveSeven_PositiveOne" value_param="" type_param="" status="" time="6.0829713" start_time="12/29/2020 12:07 PM" classname="" />
    <testcase name="HeavenAndEarth-InitGameSize_PositiveTwoFiveSeven_PositiveTwoFiveSeven" value_param="" type_param="" status="" time="6.1556969" start_time="12/29/2020 12:07 PM" classname="" />
    <testcase name="HeavenAndEarth-InitGameSize_PositiveTwoFiveSeven_MaxValue" value_param="" type_param="" status="" time="13.0306535" start_time="12/29/2020 12:07 PM" classname="" />
    <testcase name="HeavenAndEarth-InitGameSize_MaxValue_NegativeTwoFiveSeven" value_param="" type_param="" status="" time="2.0135657" start_time="12/29/2020 12:07 PM" classname="" />
    <testcase name="HeavenAndEarth-InitGameSize_MaxValue_NegativeOne" value_param="" type_param="" status="" time="2.1038216" start_time="12/29/2020 12:07 PM" classname="" />
    <testcase name="HeavenAndEarth-InitGameSize_MaxValue_Zero" value_param="" type_param="" status="" time="12.895051" start_time="12/29/2020 12:07 PM" classname="" />
    <testcase name="HeavenAndEarth-InitGameSize_MaxValue_PositiveOne" value_param="" type_param="" status="" time="12.9026658" start_time="12/29/2020 12:07 PM" classname="" />
    <testcase name="HeavenAndEarth-InitGameSize_MaxValue_PositiveTwoFiveSeven" value_param="" type_param="" status="" time="13.3161005" start_time="12/29/2020 12:08 PM" classname="" />
    <testcase name="HeavenAndEarth-InitGameSize_MaxValue_MaxValue" value_param="" type_param="" status="" time="13.6594017" start_time="12/29/2020 12:08 PM" classname="" />
  </testsuite>
  <testsuite name="HeavenAndEarthInitInitialRoundToken_TestSuite.xml" tests="10" failures="0" disabled="0" errors="0" time="96.3120363">
    <testcase name="HeavenAndEarth-InitToken_MinValue" value_param="" type_param="" status="" time="11.3595509" start_time="12/29/2020 12:08 PM" classname="" />
    <testcase name="HeavenAndEarth-InitToken_NegativeTwoFiveSeven" value_param="" type_param="" status="" time="1.3491357" start_time="12/29/2020 12:08 PM" classname="" />
    <testcase name="HeavenAndEarth-InitToken_NegativeOne" value_param="" type_param="" status="" time="1.2900565" start_time="12/29/2020 12:08 PM" classname="" />
    <testcase name="HeavenAndEarth-InitToken_Zero" value_param="" type_param="" status="" time="11.570405" start_time="12/29/2020 12:08 PM" classname="" />
    <testcase name="HeavenAndEarth-InitToken_PositiveOne" value_param="" type_param="" status="" time="11.2388955" start_time="12/29/2020 12:09 PM" classname="" />
    <testcase name="HeavenAndEarth-InitToken_PositiveValue" value_param="" type_param="" status="" time="10.3553151" start_time="12/29/2020 12:09 PM" classname="" />
    <testcase name="HeavenAndEarth-InitToken_MaxValue" value_param="" type_param="" status="" time="12.2021016" start_time="12/29/2020 12:09 PM" classname="" />
    <testcase name="HeavenAndEarth-InitToken_NaN" value_param="" type_param="" status="" time="12.311827" start_time="12/29/2020 12:09 PM" classname="" />
    <testcase name="HeavenAndEarth-InitToken_PositiveInfinity" value_param="" type_param="" status="" time="12.3320683" start_time="12/29/2020 12:09 PM" classname="" />
    <testcase name="HeavenAndEarth-InitToken_NegativeInfinity" value_param="" type_param="" status="" time="12.3026807" start_time="12/29/2020 12:10 PM" classname="" />
  </testsuite>
  <testsuite name="HeavenAndEarthInitMinMaxBetLevels_TestSuite.xml" tests="13" failures="0" disabled="0" errors="0" time="322.5075474">
    <testcase name="HeavenAndEarth-InitMinMaxBetLevels_Zero_PositiveNine" value_param="" type_param="" status="" time="44.9709965" start_time="12/29/2020 12:10 PM" classname="" />
    <testcase name="HeavenAndEarth-InitMinMaxBetLevels_Zero_PositiveSix" value_param="" type_param="" status="" time="42.8314152" start_time="12/29/2020 12:10 PM" classname="" />
    <testcase name="HeavenAndEarth-InitMinMaxBetLevels_PositiveTwo_PositiveSix" value_param="" type_param="" status="" time="41.6464439" start_time="12/29/2020 12:11 PM" classname="" />
    <testcase name="HeavenAndEarth-InitMinMaxBetLevels_PositiveFour_PositiveNine" value_param="" type_param="" status="" time="33.2878884" start_time="12/29/2020 12:12 PM" classname="" />
    <testcase name="HeavenAndEarth-InitMinMaxBetLevels_Zero_PositiveOneHundredOne" value_param="" type_param="" status="" time="1.3861384" start_time="12/29/2020 12:12 PM" classname="" />
    <testcase name="HeavenAndEarth-InitMinMaxBetLevels_PositiveOneHundredTwo_PositiveOneHundredSix" value_param="" type_param="" status="" time="1.3101908" start_time="12/29/2020 12:12 PM" classname="" />
    <testcase name="HeavenAndEarth-InitMinMaxBetLevels_Zero_OneHundredTwo" value_param="" type_param="" status="" time="1.3294528" start_time="12/29/2020 12:12 PM" classname="" />
    <testcase name="HeavenAndEarth-InitMinMaxBetLevels_Zero_PositiveFive" value_param="" type_param="" status="" time="35.2299362" start_time="12/29/2020 12:12 PM" classname="" />
    <testcase name="HeavenAndEarth-InitMinMaxBetLevels_Zero_PositiveThree" value_param="" type_param="" status="" time="36.1829251" start_time="12/29/2020 12:13 PM" classname="" />
    <testcase name="HeavenAndEarth-InitMinMaxBetLevels_PositiveTwo_PositiveFour" value_param="" type_param="" status="" time="24.3300009" start_time="12/29/2020 12:14 PM" classname="" />
    <testcase name="HeavenAndEarth-InitMinMaxBetLevels_PositiveFour_PositiveFive" value_param="" type_param="" status="" time="19.1645614" start_time="12/29/2020 12:14 PM" classname="" />
    <testcase name="HeavenAndEarth-InitMinMaxBetLevels_Zero_PositiveTen" value_param="" type_param="" status="" time="39.4691664" start_time="12/29/2020 12:14 PM" classname="" />
    <testcase name="HeavenAndEarth-InitMinMaxBetLevels_PositiveOneZeroOne_PositiveOneZeroFive" value_param="" type_param="" status="" time="1.3684314" start_time="12/29/2020 12:15 PM" classname="" />
  </testsuite>
  <testsuite name="HeavenAndEarthInitMuted_TestSuite.xml" tests="2" failures="0" disabled="0" errors="0" time="15.3461958">
    <testcase name="HeavenAndEarth-InitMuted1" value_param="" type_param="" status="" time="8.0401915" start_time="12/29/2020 12:15 PM" classname="" />
    <testcase name="HeavenAndEarth-InitMuted2" value_param="" type_param="" status="" time="7.3060043" start_time="12/29/2020 12:15 PM" classname="" />
  </testsuite>
  <testsuite name="HeavenAndEarthInitPersistentGameData_TestSuite.xml" tests="12" failures="0" disabled="0" errors="0" time="2039.1613968">
    <testcase name="HeavenAndEarth-InitPersistentGameData_Empty_NoFreeGames" value_param="" type_param="" status="" time="5.8202978" start_time="12/29/2020 12:15 PM" classname="" />
    <testcase name="HeavenAndEarth-InitPersistentGameData_Empty_FreeGames" value_param="" type_param="" status="" time="401.4212045" start_time="12/29/2020 12:15 PM" classname="" />
    <testcase name="HeavenAndEarth-InitPersistentGameData_ValidUnencoded_NoFreeGames" value_param="" type_param="" status="" time="7.2729212" start_time="12/29/2020 12:22 PM" classname="" />
    <testcase name="HeavenAndEarth-InitPersistentGameData_ValidUnencoded_FreeGames" value_param="" type_param="" status="" time="403.3012987" start_time="12/29/2020 12:22 PM" classname="" />
    <testcase name="HeavenAndEarth-InitPersistentGameData_ValidEncoded_NoFreeGames" value_param="" type_param="" status="" time="5.2785749" start_time="12/29/2020 12:29 PM" classname="" />
    <testcase name="HeavenAndEarth-InitPersistentGameData_ValidEncoded_FreeGames" value_param="" type_param="" status="" time="401.5420911" start_time="12/29/2020 12:29 PM" classname="" />
    <testcase name="HeavenAndEarth-InitPersistentGameData_ValidEncoded_IrrelevantData_FreeGames" value_param="" type_param="" status="" time="401.5818277" start_time="12/29/2020 12:36 PM" classname="" />
    <testcase name="HeavenAndEarth-InitPersistentGameData_ValidEncoded_IrrelevantData_NoFreeGame-ThanFreeGames" value_param="" type_param="" status="" time="404.725224" start_time="12/29/2020 12:42 PM" classname="" />
    <testcase name="HeavenAndEarth-InitPersistentGameData_InvalidSignature" value_param="" type_param="" status="" time="2.1297189" start_time="12/29/2020 12:49 PM" classname="" />
    <testcase name="HeavenAndEarth-InitPersistentGameData_InvalidSignature_ExtraCharacters" value_param="" type_param="" status="" time="2.0268324" start_time="12/29/2020 12:49 PM" classname="" />
    <testcase name="HeavenAndEarth-InitPersistentGameData_NoSignature" value_param="" type_param="" status="" time="2.060373" start_time="12/29/2020 12:49 PM" classname="" />
    <testcase name="HeavenAndEarth-InitPersistentGameData_EmptySignature" value_param="" type_param="" status="" time="2.0010326" start_time="12/29/2020 12:49 PM" classname="" />
  </testsuite>
  <testsuite name="HeavenAndEarthInitPersistentGameSalt_TestSuite.xml" tests="3" failures="0" disabled="0" errors="0" time="577.6520405">
    <testcase name="HeavenAndEarth-PersistentGameSalt_EmptyString" value_param="" type_param="" status="" time="191.8943889" start_time="12/29/2020 12:49 PM" classname="" />
    <testcase name="HeavenAndEarth-PersistentGameSalt_DefaultString" value_param="" type_param="" status="" time="193.7615659" start_time="12/29/2020 12:53 PM" classname="" />
    <testcase name="HeavenAndEarth-PersistentGameSalt_GlobalSaltNotAffectGameSalt" value_param="" type_param="" status="" time="191.9960857" start_time="12/29/2020 12:56 PM" classname="" />
  </testsuite>
  <testsuite name="HeavenAndEarthInitPersistentGlobalData_TestSuite.xml" tests="11" failures="0" disabled="0" errors="0" time="1638.6572702">
    <testcase name="HeavenAndEarth-InitPersistentGlobalData_Empty_NoFreeGames" value_param="" type_param="" status="" time="5.8022472" start_time="12/29/2020 12:59 PM" classname="" />
    <testcase name="HeavenAndEarth-InitPersistentGlobalData_Empty_FreeGames" value_param="" type_param="" status="" time="401.5773935" start_time="12/29/2020 12:59 PM" classname="" />
    <testcase name="HeavenAndEarth-InitPersistentGlobalData_ValidUnencoded_NoFreeGames" value_param="" type_param="" status="" time="8.5886977" start_time="12/29/2020 1:06 PM" classname="" />
    <testcase name="HeavenAndEarth-InitPersistentGlobalData_ValidUnencoded_FreeGames" value_param="" type_param="" status="" time="404.4875042" start_time="12/29/2020 1:06 PM" classname="" />
    <testcase name="HeavenAndEarth-InitPersistentGlobalData_ValidEncoded_NoFreeGames" value_param="" type_param="" status="" time="5.9514524" start_time="12/29/2020 1:13 PM" classname="" />
    <testcase name="HeavenAndEarth-InitPersistentGlobalData_ValidEncoded_FreeGames" value_param="" type_param="" status="" time="401.7222038" start_time="12/29/2020 1:13 PM" classname="" />
    <testcase name="HeavenAndEarth-InitPersistentGlobalData_ValidEncoded_IrrelevantData_FreeGames" value_param="" type_param="" status="" time="402.0648791" start_time="12/29/2020 1:19 PM" classname="" />
    <testcase name="HeavenAndEarth-InitPersistentGlobalData_InvalidSignature" value_param="" type_param="" status="" time="2.1699905" start_time="12/29/2020 1:26 PM" classname="" />
    <testcase name="HeavenAndEarth-InitPersistentGlobalData_InvalidSignature_ExtraCharacters" value_param="" type_param="" status="" time="2.1410285" start_time="12/29/2020 1:26 PM" classname="" />
    <testcase name="HeavenAndEarth-InitPersistentGlobalData_NoSignature" value_param="" type_param="" status="" time="2.0626357" start_time="12/29/2020 1:26 PM" classname="" />
    <testcase name="HeavenAndEarth-InitPersistentGlobalData_EmptySignature" value_param="" type_param="" status="" time="2.0892376" start_time="12/29/2020 1:26 PM" classname="" />
  </testsuite>
  <testsuite name="HeavenAndEarthInitPlayerID_TestSuite.xml" tests="43" failures="0" disabled="0" errors="0" time="190.2251603">
    <testcase name="HeavenAndEarth-InitPlayerID_EmptyString" value_param="" type_param="" status="" time="2.2232384" start_time="12/29/2020 1:26 PM" classname="" />
    <testcase name="HeavenAndEarth-InitPlayerID_ValidString" value_param="" type_param="" status="" time="6.4844906" start_time="12/29/2020 1:26 PM" classname="" />
    <testcase name="HeavenAndEarth-InitPlayerID_101Chars" value_param="" type_param="" status="" time="6.1597078" start_time="12/29/2020 1:26 PM" classname="" />
    <testcase name="HeavenAndEarth-InitPlayerID_99Chars" value_param="" type_param="" status="" time="6.24333" start_time="12/29/2020 1:27 PM" classname="" />
    <testcase name="HeavenAndEarth-InitPlayerID_LongString" value_param="" type_param="" status="" time="6.1851152" start_time="12/29/2020 1:27 PM" classname="" />
    <testcase name="HeavenAndEarth-InitPlayerID_ReservedStringUndef" value_param="" type_param="" status="" time="6.3097047" start_time="12/29/2020 1:27 PM" classname="" />
    <testcase name="HeavenAndEarth-InitPlayerID_ReservedStringNull" value_param="" type_param="" status="" time="6.2053405" start_time="12/29/2020 1:27 PM" classname="" />
    <testcase name="HeavenAndEarth-InitPlayerID_ReservedString(Null)" value_param="" type_param="" status="" time="2.1430243" start_time="12/29/2020 1:27 PM" classname="" />
    <testcase name="HeavenAndEarth-InitPlayerID_ReservedStringTrue" value_param="" type_param="" status="" time="6.1512902" start_time="12/29/2020 1:27 PM" classname="" />
    <testcase name="HeavenAndEarth-InitPlayerID_ReservedStringFalse" value_param="" type_param="" status="" time="6.1865387" start_time="12/29/2020 1:27 PM" classname="" />
    <testcase name="HeavenAndEarth-InitPlayerID_ReservedStringBackSlash" value_param="" type_param="" status="" time="2.1999117" start_time="12/29/2020 1:27 PM" classname="" />
    <testcase name="HeavenAndEarth-InitPlayerID_ReservedStringDoubleBackslash" value_param="" type_param="" status="" time="2.2486968" start_time="12/29/2020 1:27 PM" classname="" />
    <testcase name="HeavenAndEarth-InitPlayerID_NumericStringDecimal" value_param="" type_param="" status="" time="2.1797262" start_time="12/29/2020 1:27 PM" classname="" />
    <testcase name="HeavenAndEarth-InitPlayerID_Exponential" value_param="" type_param="" status="" time="6.1894603" start_time="12/29/2020 1:27 PM" classname="" />
    <testcase name="HeavenAndEarth-InitPlayerID_NumericStringNegativeFraction" value_param="" type_param="" status="" time="2.1767804" start_time="12/29/2020 1:27 PM" classname="" />
    <testcase name="HeavenAndEarth-InitPlayerID_NumericStringInvalidFraction" value_param="" type_param="" status="" time="2.1510471" start_time="12/29/2020 1:27 PM" classname="" />
    <testcase name="HeavenAndEarth-InitPlayerID_NumericStringInvalidDecimals" value_param="" type_param="" status="" time="2.1762401" start_time="12/29/2020 1:27 PM" classname="" />
    <testcase name="HeavenAndEarth-InitPlayerID_NumericStringHexadecimal" value_param="" type_param="" status="" time="6.1947909" start_time="12/29/2020 1:27 PM" classname="" />
    <testcase name="HeavenAndEarth-InitPlayerID_NumericStringWithComma" value_param="" type_param="" status="" time="2.2155359" start_time="12/29/2020 1:28 PM" classname="" />
    <testcase name="HeavenAndEarth-InitPlayerID_NumericStringOctal" value_param="" type_param="" status="" time="6.2895929" start_time="12/29/2020 1:28 PM" classname="" />
    <testcase name="HeavenAndEarth-InitPlayerID_NumericStringInvalidOctal" value_param="" type_param="" status="" time="6.2624259" start_time="12/29/2020 1:28 PM" classname="" />
    <testcase name="HeavenAndEarth-InitPlayerID_ASCIISpecialString" value_param="" type_param="" status="" time="2.225686" start_time="12/29/2020 1:28 PM" classname="" />
    <testcase name="HeavenAndEarth-InitPlayerID_UnicodeString" value_param="" type_param="" status="" time="2.2235549" start_time="12/29/2020 1:28 PM" classname="" />
    <testcase name="HeavenAndEarth-InitPlayerID_UnicodeSuperscriptString" value_param="" type_param="" status="" time="2.1634342" start_time="12/29/2020 1:28 PM" classname="" />
    <testcase name="HeavenAndEarth-InitPlayerID_QuotationString" value_param="" type_param="" status="" time="2.139813" start_time="12/29/2020 1:28 PM" classname="" />
    <testcase name="HeavenAndEarth-InitPlayerID_TwoByteString" value_param="" type_param="" status="" time="2.2008039" start_time="12/29/2020 1:28 PM" classname="" />
    <testcase name="HeavenAndEarth-InitPlayerID_JapaneseEmoticonString" value_param="" type_param="" status="" time="2.2401806" start_time="12/29/2020 1:28 PM" classname="" />
    <testcase name="HeavenAndEarth-InitPlayerID_EmojiString" value_param="" type_param="" status="" time="2.1995733" start_time="12/29/2020 1:28 PM" classname="" />
    <testcase name="HeavenAndEarth-InitPlayerID_UnicodeNumberString" value_param="" type_param="" status="" time="2.1312159" start_time="12/29/2020 1:28 PM" classname="" />
    <testcase name="HeavenAndEarth-InitPlayerID_RightToLeftString" value_param="" type_param="" status="" time="2.276865" start_time="12/29/2020 1:28 PM" classname="" />
    <testcase name="HeavenAndEarth-InitPlayerID_UnicodeSpaceString" value_param="" type_param="" status="" time="2.2204924" start_time="12/29/2020 1:28 PM" classname="" />
    <testcase name="HeavenAndEarth-InitPlayerID_UnicodeTrickString" value_param="" type_param="" status="" time="2.1828274" start_time="12/29/2020 1:28 PM" classname="" />
    <testcase name="HeavenAndEarth-InitPlayerID_UnicodeUpsideDownString" value_param="" type_param="" status="" time="2.2576996" start_time="12/29/2020 1:28 PM" classname="" />
    <testcase name="HeavenAndEarth-InitPlayerID_UnicodeFontString" value_param="" type_param="" status="" time="2.1933812" start_time="12/29/2020 1:28 PM" classname="" />
    <testcase name="HeavenAndEarth-InitPlayerID_ScunthorpeStringShitake" value_param="" type_param="" status="" time="2.2198228" start_time="12/29/2020 1:28 PM" classname="" />
    <testcase name="HeavenAndEarth-InitPlayerID_ScunthorpeStringClassic" value_param="" type_param="" status="" time="6.182358" start_time="12/29/2020 1:28 PM" classname="" />
    <testcase name="HeavenAndEarth-InitPlayerID_IOSVulnerabilityString" value_param="" type_param="" status="" time="2.2309816" start_time="12/29/2020 1:28 PM" classname="" />
    <testcase name="HeavenAndEarth-InitPlayerID_NoRecovery" value_param="" type_param="" status="" time="5.101155" start_time="12/29/2020 1:29 PM" classname="" />
    <testcase name="HeavenAndEarth-InitPlayerID_Recovery" value_param="" type_param="" status="" time="9.1598752" start_time="12/29/2020 1:29 PM" classname="" />
    <testcase name="HeavenAndEarth-InitPlayerID_NoRecoveryDifferentGame" value_param="" type_param="" status="" time="14.2960437" start_time="12/29/2020 1:29 PM" classname="" />
    <testcase name="HeavenAndEarth-InitPlayerID_NoRecoveryShortenedName" value_param="" type_param="" status="" time="12.3960327" start_time="12/29/2020 1:29 PM" classname="" />
    <testcase name="HeavenAndEarth-InitPlayerID_NoRecoveryExtendedName" value_param="" type_param="" status="" time="5.1127937" start_time="12/29/2020 1:29 PM" classname="" />
    <testcase name="HeavenAndEarth-InitGamePlayerID_Bug_DoubleRecoveryAmount" value_param="" type_param="" status="" time="10.2945816" start_time="12/29/2020 1:29 PM" classname="" />
  </testsuite>
  <testsuite name="HeavenAndEarthInitSessionID_TestSuite.xml" tests="28" failures="0" disabled="0" errors="0" time="212.415149">
    <testcase name="HeavenAndEarth-InitSessionID_EmptyString" value_param="" type_param="" status="" time="11.141185" start_time="12/29/2020 1:29 PM" classname="" />
    <testcase name="HeavenAndEarth-InitSessionID_ValidString" value_param="" type_param="" status="" time="5.320444" start_time="12/29/2020 1:30 PM" classname="" />
    <testcase name="HeavenAndEarth-InitSessionID_LongString" value_param="" type_param="" status="" time="6.4378365" start_time="12/29/2020 1:30 PM" classname="" />
    <testcase name="HeavenAndEarth-InitSessionID_ReservedStringUndef" value_param="" type_param="" status="" time="6.3551637" start_time="12/29/2020 1:30 PM" classname="" />
    <testcase name="HeavenAndEarth-InitSessionID_ReservedStringNull" value_param="" type_param="" status="" time="6.4213966" start_time="12/29/2020 1:30 PM" classname="" />
    <testcase name="HeavenAndEarth-InitSessionID_ReservedString(Null)" value_param="" type_param="" status="" time="6.2807416" start_time="12/29/2020 1:30 PM" classname="" />
    <testcase name="HeavenAndEarth-InitSessionID_ReservedStringTrue" value_param="" type_param="" status="" time="6.3170352" start_time="12/29/2020 1:30 PM" classname="" />
    <testcase name="HeavenAndEarth-InitSessionID_ReservedStringFalse" value_param="" type_param="" status="" time="6.5335671" start_time="12/29/2020 1:30 PM" classname="" />
    <testcase name="HeavenAndEarth-InitSessionID_ReservedStringBackSlash" value_param="" type_param="" status="" time="6.1887685" start_time="12/29/2020 1:30 PM" classname="" />
    <testcase name="HeavenAndEarth-InitSessionID_ReservedStringDoubleBackslash" value_param="" type_param="" status="" time="6.2318356" start_time="12/29/2020 1:30 PM" classname="" />
    <testcase name="HeavenAndEarth-InitSessionID_NumericStringDecimal" value_param="" type_param="" status="" time="6.8972866" start_time="12/29/2020 1:31 PM" classname="" />
    <testcase name="HeavenAndEarth-InitSessionID_Exponential" value_param="" type_param="" status="" time="6.2921938" start_time="12/29/2020 1:31 PM" classname="" />
    <testcase name="HeavenAndEarth-InitSessionID_NumericStringNegativeFraction" value_param="" type_param="" status="" time="6.2426459" start_time="12/29/2020 1:31 PM" classname="" />
    <testcase name="HeavenAndEarth-InitSessionID_NumericStringInvalidFraction" value_param="" type_param="" status="" time="6.2665874" start_time="12/29/2020 1:31 PM" classname="" />
    <testcase name="HeavenAndEarth-InitSessionID_NumericStringInvalidDecimals" value_param="" type_param="" status="" time="6.3415129" start_time="12/29/2020 1:31 PM" classname="" />
    <testcase name="HeavenAndEarth-InitSessionID_NumericStringHexadecimal" value_param="" type_param="" status="" time="6.3102413" start_time="12/29/2020 1:31 PM" classname="" />
    <testcase name="HeavenAndEarth-InitSessionID_NumericStringWithComma" value_param="" type_param="" status="" time="6.3330262" start_time="12/29/2020 1:31 PM" classname="" />
    <testcase name="HeavenAndEarth-InitSessionID_NumericStringOctal" value_param="" type_param="" status="" time="6.5298946" start_time="12/29/2020 1:31 PM" classname="" />
    <testcase name="HeavenAndEarth-InitSessionID_NumericStringInvalidOctal" value_param="" type_param="" status="" time="7.1175509" start_time="12/29/2020 1:31 PM" classname="" />
    <testcase name="HeavenAndEarth-InitSessionID_ASCIISpecialString" value_param="" type_param="" status="" time="7.3483413" start_time="12/29/2020 1:32 PM" classname="" />
    <testcase name="HeavenAndEarth-InitSessionID_QuotationString" value_param="" type_param="" status="" time="6.7126677" start_time="12/29/2020 1:32 PM" classname="" />
    <testcase name="HeavenAndEarth-InitSessionID_ScunthorpeStringShitake" value_param="" type_param="" status="" time="6.3588943" start_time="12/29/2020 1:32 PM" classname="" />
    <testcase name="HeavenAndEarth-InitSessionID_ScunthorpeStringClassic" value_param="" type_param="" status="" time="6.3323797" start_time="12/29/2020 1:32 PM" classname="" />
    <testcase name="HeavenAndEarth-InitSessionID_RecoveryNotChangeSessionID" value_param="" type_param="" status="" time="5.3464251" start_time="12/29/2020 1:32 PM" classname="" />
    <testcase name="HeavenAndEarth-InitSessionID_RecoveryUsesCorrectSessionID" value_param="" type_param="" status="" time="7.555202" start_time="12/29/2020 1:32 PM" classname="" />
    <testcase name="HeavenAndEarth-InitSessionID_RecoveryNotChangeSessionIDDifferentGame" value_param="" type_param="" status="" time="30.0440298" start_time="12/29/2020 1:32 PM" classname="" />
    <testcase name="HeavenAndEarth-InitSessionID_RecoveryNotChangeSessionID_SlightlyDifferentPlayerID" value_param="" type_param="" status="" time="5.5873643" start_time="12/29/2020 1:33 PM" classname="" />
    <testcase name="HeavenAndEarth-InitSessionID_AfterRecoveryUsesCorrectSessionID" value_param="" type_param="" status="" time="11.5709314" start_time="12/29/2020 1:33 PM" classname="" />
  </testsuite>
  <testsuite name="HeavenAndEarthInitSetRecoveryRetries_TestSuite.xml" tests="5" failures="0" disabled="0" errors="0" time="1083.9903697">
    <testcase name="HeavenAndEarth-InitSetRecoveryRetries_Zero_NoRecovery" value_param="" type_param="" status="" time="124.502735" start_time="12/29/2020 1:33 PM" classname="" />
    <testcase name="HeavenAndEarth-InitSetRecoveryRetries_One_Recovery" value_param="" type_param="" status="" time="349.0328143" start_time="12/29/2020 1:35 PM" classname="" />
    <testcase name="HeavenAndEarth-InitSetRecoveryRetries_One_NoRecovery" value_param="" type_param="" status="" time="126.327536" start_time="12/29/2020 1:41 PM" classname="" />
    <testcase name="HeavenAndEarth-InitSetRecoveryRetries_GreaterThanOne_Recovery" value_param="" type_param="" status="" time="353.2530835" start_time="12/29/2020 1:43 PM" classname="" />
    <testcase name="HeavenAndEarth-InitSetRecoveryRetries_GreaterThanOne_NoRecovery" value_param="" type_param="" status="" time="130.8742009" start_time="12/29/2020 1:49 PM" classname="" />
  </testsuite>
  <testsuite name="HeavenAndEarthInitVolume_TestSuite.xml" tests="13" failures="0" disabled="0" errors="0" time="91.9381148">
    <testcase name="HeavenAndEarth-InitVolume_MinValue" value_param="" type_param="" status="" time="7.0440272" start_time="12/29/2020 1:51 PM" classname="" />
    <testcase name="HeavenAndEarth-InitVolume_NegativeTwoFiveSeven" value_param="" type_param="" status="" time="11.7687528" start_time="12/29/2020 1:51 PM" classname="" />
    <testcase name="HeavenAndEarth-InitVolume_NegativeOne" value_param="" type_param="" status="" time="11.419228" start_time="12/29/2020 1:51 PM" classname="" />
    <testcase name="HeavenAndEarth-InitVolume_Zero" value_param="" type_param="" status="" time="6.2166982" start_time="12/29/2020 1:52 PM" classname="" />
    <testcase name="HeavenAndEarth-InitVolume_PositiveOne" value_param="" type_param="" status="" time="6.2682986" start_time="12/29/2020 1:52 PM" classname="" />
    <testcase name="HeavenAndEarth-InitVolume_PositiveTwoFiveSeven" value_param="" type_param="" status="" time="11.3135926" start_time="12/29/2020 1:52 PM" classname="" />
    <testcase name="HeavenAndEarth-InitVolume_MaxValue" value_param="" type_param="" status="" time="0.9944469" start_time="12/29/2020 1:52 PM" classname="" />
    <testcase name="HeavenAndEarth-InitVolume_NaN" value_param="" type_param="" status="" time="5.2576306" start_time="12/29/2020 1:52 PM" classname="" />
    <testcase name="HeavenAndEarth-InitVolume_PositiveInfinity" value_param="" type_param="" status="" time="6.2204699" start_time="12/29/2020 1:52 PM" classname="" />
    <testcase name="HeavenAndEarth-InitVolume_NegativeInfinity" value_param="" type_param="" status="" time="6.4870771" start_time="12/29/2020 1:52 PM" classname="" />
    <testcase name="HeavenAndEarth-InitVolume_OneHalf" value_param="" type_param="" status="" time="6.343989" start_time="12/29/2020 1:52 PM" classname="" />
    <testcase name="HeavenAndEarth-InitVolume_JustAboveZero" value_param="" type_param="" status="" time="6.3680304" start_time="12/29/2020 1:52 PM" classname="" />
    <testcase name="HeavenAndEarth-InitVolume_JustBelowOne" value_param="" type_param="" status="" time="6.2358735" start_time="12/29/2020 1:52 PM" classname="" />
  </testsuite>
  <testsuite name="HeavenAndEarthAutoPlay_TestSuite.xml" tests="2" failures="0" disabled="0" errors="0" time="26.7873825">
    <testcase name="HeavenAndEarth-AutoPlay1" value_param="" type_param="" status="" time="20.9216678" start_time="12/29/2020 1:53 PM" classname="" />
    <testcase name="HeavenAndEarth-AutoPlay_InsufficientBalance" value_param="" type_param="" status="" time="5.8657147" start_time="12/29/2020 1:53 PM" classname="" />
  </testsuite>
  <testsuite name="HeavenAndEarthBalance_TestSuite.xml" tests="12" failures="0" disabled="0" errors="0" time="92.86612">
    <testcase name="HeavenAndEarth-Balance_MinValue" value_param="" type_param="" status="" time="7.6038146" start_time="12/29/2020 1:53 PM" classname="" />
    <testcase name="HeavenAndEarth-Balance_Zero" value_param="" type_param="" status="" time="6.7733404" start_time="12/29/2020 1:53 PM" classname="" />
    <testcase name="HeavenAndEarth-Balance_PositiveOne" value_param="" type_param="" status="" time="8.0430916" start_time="12/29/2020 1:53 PM" classname="" />
    <testcase name="HeavenAndEarth-Balance_InsufficientBalance" value_param="" type_param="" status="" time="6.5467359" start_time="12/29/2020 1:53 PM" classname="" />
    <testcase name="HeavenAndEarth-Balance_SufficientBalanceExact" value_param="" type_param="" status="" time="8.8142967" start_time="12/29/2020 1:54 PM" classname="" />
    <testcase name="HeavenAndEarth-Balance_SufficientBalanceWinAllowsSecondSpin" value_param="" type_param="" status="" time="20.2559933" start_time="12/29/2020 1:54 PM" classname="" />
    <testcase name="HeavenAndEarth-Balance_SufficientBalanceExactTwoSpins" value_param="" type_param="" status="" time="9.5453851" start_time="12/29/2020 1:54 PM" classname="" />
    <testcase name="HeavenAndEarth-Balance_SufficientBalanceExcess" value_param="" type_param="" status="" time="6.5584049" start_time="12/29/2020 1:54 PM" classname="" />
    <testcase name="HeavenAndEarth-Balance_MaxValue" value_param="" type_param="" status="" time="3.5091126" start_time="12/29/2020 1:54 PM" classname="" />
    <testcase name="HeavenAndEarth-Balance_NaN" value_param="" type_param="" status="" time="4.7551404" start_time="12/29/2020 1:54 PM" classname="" />
    <testcase name="HeavenAndEarth-Balance_NegativeInfinity" value_param="" type_param="" status="" time="5.3398928" start_time="12/29/2020 1:54 PM" classname="" />
    <testcase name="HeavenAndEarth-Balance_PositiveInfinity" value_param="" type_param="" status="" time="5.1209117" start_time="12/29/2020 1:54 PM" classname="" />
  </testsuite>
  <testsuite name="HeavenAndEarthBetIndex_TestSuite.xml" tests="14" failures="0" disabled="0" errors="0" time="123.8126382">
    <testcase name="HeavenAndEarth-BetIndex_MinValue" value_param="" type_param="" status="" time="6.8997922" start_time="12/29/2020 1:55 PM" classname="" />
    <testcase name="HeavenAndEarth-BetIndex_NegativeTwoFiveSeven" value_param="" type_param="" status="" time="6.430061" start_time="12/29/2020 1:55 PM" classname="" />
    <testcase name="HeavenAndEarth-BetIndex_NegativeOne" value_param="" type_param="" status="" time="6.3112372" start_time="12/29/2020 1:55 PM" classname="" />
    <testcase name="HeavenAndEarth-BetIndex_Zero" value_param="" type_param="" status="" time="6.3296653" start_time="12/29/2020 1:55 PM" classname="" />
    <testcase name="HeavenAndEarth-BetIndex_PositiveOne" value_param="" type_param="" status="" time="6.9190504" start_time="12/29/2020 1:55 PM" classname="" />
    <testcase name="HeavenAndEarth-BetIndex_PositiveThree" value_param="" type_param="" status="" time="7.6601563" start_time="12/29/2020 1:55 PM" classname="" />
    <testcase name="HeavenAndEarth-BetIndex_PositiveFour" value_param="" type_param="" status="" time="7.7101229" start_time="12/29/2020 1:55 PM" classname="" />
    <testcase name="HeavenAndEarth-BetIndex_PositiveFifty" value_param="" type_param="" status="" time="6.8264804" start_time="12/29/2020 1:55 PM" classname="" />
    <testcase name="HeavenAndEarth-BetIndex_PositiveTwoFiveSeven" value_param="" type_param="" status="" time="6.8430511" start_time="12/29/2020 1:55 PM" classname="" />
    <testcase name="HeavenAndEarth-BetIndex_MaxValue" value_param="" type_param="" status="" time="6.3635707" start_time="12/29/2020 1:56 PM" classname="" />
    <testcase name="HeavenAndEarth-BetIndex_NaN" value_param="" type_param="" status="" time="6.2748603" start_time="12/29/2020 1:56 PM" classname="" />
    <testcase name="HeavenAndEarth-BetIndex_NegativeInfinity" value_param="" type_param="" status="" time="6.4572142" start_time="12/29/2020 1:56 PM" classname="" />
    <testcase name="HeavenAndEarth-BetIndex_PositiveInfinity" value_param="" type_param="" status="" time="6.4512293" start_time="12/29/2020 1:56 PM" classname="" />
    <testcase name="HeavenAndEarth-BetIndexVerification" value_param="" type_param="" status="" time="36.3361469" start_time="12/29/2020 1:56 PM" classname="" />
  </testsuite>
  <testsuite name="HeavenAndEarthClearRecoveryData_TestSuite.xml" tests="5" failures="0" disabled="0" errors="0" time="73.4215898">
    <testcase name="HeavenAndEarth-ClearRecoveryData_VerifyCannotSpin" value_param="" type_param="" status="" time="13.5355686" start_time="12/29/2020 1:57 PM" classname="" />
    <testcase name="HeavenAndEarth-ClearRecoveryData_VerifyRecoveryDataClearsCorrectly" value_param="" type_param="" status="" time="7.440793" start_time="12/29/2020 1:57 PM" classname="" />
    <testcase name="HeavenAndEarth-ClearRecoveryData_VerifyRecoveryOccurs" value_param="" type_param="" status="" time="6.5555539" start_time="12/29/2020 1:57 PM" classname="" />
    <testcase name="HeavenAndEarth-ClearRecoveryData_VerifyClearsLoadedGameOnly" value_param="" type_param="" status="" time="26.3330168" start_time="12/29/2020 1:57 PM" classname="" />
    <testcase name="HeavenAndEarth-ClearRecoveryData_VerifyAutospinWaits" value_param="" type_param="" status="" time="19.5566575" start_time="12/29/2020 1:58 PM" classname="" />
  </testsuite>
  <testsuite name="HeavenAndEarthGetBetIndex_TestSuite_Unity.xml" tests="8" failures="0" disabled="0" errors="0" time="193.6824417">
    <testcase name="HeavenAndEarth-GetBetIndex_LoadGame" value_param="" type_param="" status="" time="2.3436959" start_time="12/29/2020 1:58 PM" classname="" />
    <testcase name="HeavenAndEarth-GetBetIndex_IncrementBet" value_param="" type_param="" status="" time="2.6549521" start_time="12/29/2020 1:58 PM" classname="" />
    <testcase name="HeavenAndEarth-GetBetIndex_IncrementBetBeyondLimit" value_param="" type_param="" status="" time="171.986598" start_time="12/29/2020 1:58 PM" classname="" />
    <testcase name="HeavenAndEarth-GetBetIndex_IncrementDecrement" value_param="" type_param="" status="" time="4.0638547" start_time="12/29/2020 2:01 PM" classname="" />
    <testcase name="HeavenAndEarth-GetBetIndex_DecrementBetBeyondLimit" value_param="" type_param="" status="" time="5.3251501" start_time="12/29/2020 2:01 PM" classname="" />
    <testcase name="HeavenAndEarth-GetBetIndex_ValidInitialBetIndex" value_param="" type_param="" status="" time="2.9686536" start_time="12/29/2020 2:01 PM" classname="" />
    <testcase name="HeavenAndEarth-GetBetIndex_InvalidInitialBetIndex" value_param="" type_param="" status="" time="1.6602956" start_time="12/29/2020 2:01 PM" classname="" />
    <testcase name="HeavenAndEarth-GetBetIndex_MinBetLevel" value_param="" type_param="" status="" time="2.6792417" start_time="12/29/2020 2:01 PM" classname="" />
  </testsuite>
  <testsuite name="HeavenAndEarthMuted_TestSuite.xml" tests="2" failures="0" disabled="0" errors="0" time="11.7120254">
    <testcase name="HeavenAndEarth-Muted1" value_param="" type_param="" status="" time="6.0291213" start_time="12/29/2020 2:01 PM" classname="" />
    <testcase name="HeavenAndEarth-Muted2" value_param="" type_param="" status="" time="5.6829041" start_time="12/29/2020 2:01 PM" classname="" />
  </testsuite>
  <testsuite name="HeavenAndEarthOnClick_TestSuite.xml" tests="36" failures="0" disabled="0" errors="0" time="231.4162782">
    <testcase name="HeavenAndEarth-OC_MinValue_Zero_ClickBeforeSpin" value_param="" type_param="" status="" time="6.0994618" start_time="12/29/2020 2:01 PM" classname="" />
    <testcase name="HeavenAndEarth-OC_NegativeTwoFiveSix_Zero_ClickBeforeSpin" value_param="" type_param="" status="" time="6.2475903" start_time="12/29/2020 2:01 PM" classname="" />
    <testcase name="HeavenAndEarth-OC_NegativeOne_Zero_ClickBeforeSpin" value_param="" type_param="" status="" time="6.2737456" start_time="12/29/2020 2:01 PM" classname="" />
[...]
    <testcase name="HeavenAndEarth-UpdateMaxBetLevel_DefaultToSix" value_param="" type_param="" status="" time="12.5898384" start_time="12/29/2020 4:30 PM" classname="" />
    <testcase name="HeavenAndEarth-UpdateMaxBetLevel_DefaultToSeven" value_param="" type_param="" status="" time="11.9864188" start_time="12/29/2020 4:30 PM" classname="" />
    <testcase name="HeavenAndEarth-UpdateMaxBetLevel_DefaultToEight" value_param="" type_param="" status="" time="11.2691762" start_time="12/29/2020 4:30 PM" classname="" />
    <testcase name="HeavenAndEarth-UpdateMaxBetLevel_DefaultToNine" value_param="" type_param="" status="" time="10.9931342" start_time="12/29/2020 4:31 PM" classname="" />
  </testsuite>
  <testsuite name="HeavenAndEarthUpdateMinBetLevel_TestSuite.xml" tests="11" failures="0" disabled="0" errors="0" time="179.2396002">
    <testcase name="HeavenAndEarth-UpdateMinBetLevel_DefaultToNegativeOne" value_param="" type_param="" status="" time="15.0950806" start_time="12/29/2020 4:31 PM" classname="" />
    <testcase name="HeavenAndEarth-UpdateMinBetLevel_DefaultToZero" value_param="" type_param="" status="" time="16.9111011" start_time="12/29/2020 4:31 PM" classname="" />
    <testcase name="HeavenAndEarth-UpdateMinBetLevel_DefaultToOne" value_param="" type_param="" status="" time="16.7997733" start_time="12/29/2020 4:31 PM" classname="" />
    <testcase name="HeavenAndEarth-UpdateMinBetLevel_DefaultToTwo" value_param="" type_param="" status="" time="18.059772" start_time="12/29/2020 4:32 PM" classname="" />
    <testcase name="HeavenAndEarth-UpdateMinBetLevel_DefaultToThree" value_param="" type_param="" status="" time="16.7071419" start_time="12/29/2020 4:32 PM" classname="" />
    <testcase name="HeavenAndEarth-UpdateMinBetLevel_DefaultToFour" value_param="" type_param="" status="" time="14.7962587" start_time="12/29/2020 4:32 PM" classname="" />
    <testcase name="HeavenAndEarth-UpdateMinBetLevel_DefaultToFive" value_param="" type_param="" status="" time="15.9350774" start_time="12/29/2020 4:32 PM" classname="" />
    <testcase name="HeavenAndEarth-UpdateMinBetLevel_DefaultToSix" value_param="" type_param="" status="" time="16.171246" start_time="12/29/2020 4:33 PM" classname="" />
    <testcase name="HeavenAndEarth-UpdateMinBetLevel_DefaultToSeven" value_param="" type_param="" status="" time="16.1983063" start_time="12/29/2020 4:33 PM" classname="" />
    <testcase name="HeavenAndEarth-UpdateMinBetLevel_DefaultToEight" value_param="" type_param="" status="" time="16.6798709" start_time="12/29/2020 4:33 PM" classname="" />
    <testcase name="HeavenAndEarth-UpdateMinBetLevel_DefaultToNine" value_param="" type_param="" status="" time="15.885972" start_time="12/29/2020 4:34 PM" classname="" />
  </testsuite>
  <testsuite name="HeavenAndEarthUpdateMinMaxBetLevels_TestSuite.xml" tests="17" failures="0" disabled="0" errors="0" time="248.6401002">
    <testcase name="HeavenAndEarth-UpdateMinMaxBetLevels_Zero_PositiveFive" value_param="" type_param="" status="" time="9.7598467" start_time="12/29/2020 4:34 PM" classname="" />
    <testcase name="HeavenAndEarth-UpdateMinMaxBetLevels_Zero_PositiveThree" value_param="" type_param="" status="" time="12.9444289" start_time="12/29/2020 4:34 PM" classname="" />
    <testcase name="HeavenAndEarth-UpdateMinMaxBetLevels_PositiveTwo_PositiveFour" value_param="" type_param="" status="" time="12.8974214" start_time="12/29/2020 4:34 PM" classname="" />
    <testcase name="HeavenAndEarth-UpdateMinMaxBetLevels_PositiveFour_PositiveFive" value_param="" type_param="" status="" time="12.9471632" start_time="12/29/2020 4:34 PM" classname="" />
    <testcase name="HeavenAndEarth-UpdateMinMaxBetLevels_Zero_PositiveTen" value_param="" type_param="" status="" time="13.2291883" start_time="12/29/2020 4:35 PM" classname="" />
    <testcase name="HeavenAndEarth-UpdateMinMaxBetLevels_NegativeOne_NegativeOne" value_param="" type_param="" status="" time="17.184519" start_time="12/29/2020 4:35 PM" classname="" />
    <testcase name="HeavenAndEarth-UpdateMinMaxBetLevels_PositiveOneZeroOne_PositiveOneZeroFive" value_param="" type_param="" status="" time="16.6532708" start_time="12/29/2020 4:35 PM" classname="" />
    <testcase name="HeavenAndEarth-UpdateMinMaxBetLevels_NegativeOne_NegativeThree" value_param="" type_param="" status="" time="15.9600239" start_time="12/29/2020 4:35 PM" classname="" />
    <testcase name="HeavenAndEarth-UpdateMinMaxBetLevels_Zero_NegativeThree" value_param="" type_param="" status="" time="15.5118366" start_time="12/29/2020 4:36 PM" classname="" />
    <testcase name="HeavenAndEarth-UpdateMinMaxBetLevels_NegativeThree_PositiveNine" value_param="" type_param="" status="" time="15.2128826" start_time="12/29/2020 4:36 PM" classname="" />
    <testcase name="HeavenAndEarth-UpdateMinMaxBetLevels_Zero_PositiveNine" value_param="" type_param="" status="" time="13.1198303" start_time="12/29/2020 4:36 PM" classname="" />
    <testcase name="HeavenAndEarth-UpdateMinMaxBetLevels_Zero_PositiveSix" value_param="" type_param="" status="" time="14.5795328" start_time="12/29/2020 4:36 PM" classname="" />
    <testcase name="HeavenAndEarth-UpdateMinMaxBetLevels_PositiveTwo_PositiveSix" value_param="" type_param="" status="" time="14.6995378" start_time="12/29/2020 4:37 PM" classname="" />
    <testcase name="HeavenAndEarth-UpdateMinMaxBetLevels_PositiveFour_PositiveNine" value_param="" type_param="" status="" time="15.6337738" start_time="12/29/2020 4:37 PM" classname="" />
    <testcase name="HeavenAndEarth-UpdateMinMaxBetLevels_Zero_PositiveOneHundredOne" value_param="" type_param="" status="" time="16.9801569" start_time="12/29/2020 4:37 PM" classname="" />
    <testcase name="HeavenAndEarth-UpdateMinMaxBetLevels_PositiveOneHundredTwo_PositiveOneHundredSix" value_param="" type_param="" status="" time="15.8574485" start_time="12/29/2020 4:37 PM" classname="" />
    <testcase name="HeavenAndEarth-UpdateMinMaxBetLevels_Zero_OneHundredTwo" value_param="" type_param="" status="" time="15.4692387" start_time="12/29/2020 4:38 PM" classname="" />
  </testsuite>
  <testsuite name="HeavenAndEarthVolume_TestSuite.xml" tests="13" failures="0" disabled="0" errors="0" time="118.0872829">
    <testcase name="HeavenAndEarth-Volume_MinValue" value_param="" type_param="" status="" time="8.2274827" start_time="12/29/2020 4:38 PM" classname="" />
    <testcase name="HeavenAndEarth-Volume_NegativeTwoFiveSeven" value_param="" type_param="" status="" time="9.8075771" start_time="12/29/2020 4:38 PM" classname="" />
    <testcase name="HeavenAndEarth-Volume_NegativeOne" value_param="" type_param="" status="" time="8.9704109" start_time="12/29/2020 4:38 PM" classname="" />
    <testcase name="HeavenAndEarth-Volume_Zero" value_param="" type_param="" status="" time="10.3694127" start_time="12/29/2020 4:38 PM" classname="" />
    <testcase name="HeavenAndEarth-Volume_PositiveOne" value_param="" type_param="" status="" time="9.1824849" start_time="12/29/2020 4:39 PM" classname="" />
    <testcase name="HeavenAndEarth-Volume_PositiveTwoFiveSeven" value_param="" type_param="" status="" time="9.1268996" start_time="12/29/2020 4:39 PM" classname="" />
    <testcase name="HeavenAndEarth-Volume_MaxValue" value_param="" type_param="" status="" time="9.1414201" start_time="12/29/2020 4:39 PM" classname="" />
    <testcase name="HeavenAndEarth-Volume_NaN" value_param="" type_param="" status="" time="9.1013988" start_time="12/29/2020 4:39 PM" classname="" />
    <testcase name="HeavenAndEarth-Volume_PositiveInfinity" value_param="" type_param="" status="" time="9.1466627" start_time="12/29/2020 4:39 PM" classname="" />
    <testcase name="HeavenAndEarth-Volume_NegativeInfinity" value_param="" type_param="" status="" time="8.943013" start_time="12/29/2020 4:39 PM" classname="" />
    <testcase name="HeavenAndEarth-Volume_OneHalf" value_param="" type_param="" status="" time="9.1986875" start_time="12/29/2020 4:39 PM" classname="" />
    <testcase name="HeavenAndEarth-Volume_JustAboveZero" value_param="" type_param="" status="" time="8.4362491" start_time="12/29/2020 4:40 PM" classname="" />
    <testcase name="HeavenAndEarth-Volume_JustUnderOne" value_param="" type_param="" status="" time="8.4355838" start_time="12/29/2020 4:40 PM" classname="" />
  </testsuite>
  <testsuite name="HeavenAndEarthCallbackStack_TestSuite.xml" tests="10" failures="0" disabled="0" errors="0" time="272.0476232">
    <testcase name="HeavenAndEarth-CallbackStack_LoadNoRecovery" value_param="" type_param="" status="" time="2.154539" start_time="12/29/2020 4:40 PM" classname="" />
    <testcase name="HeavenAndEarth-CallbackStack_LoadWithRecovery" value_param="" type_param="" status="" time="12.2196023" start_time="12/29/2020 4:40 PM" classname="" />
    <testcase name="HeavenAndEarth-CallbackStack_SpinNoWin" value_param="" type_param="" status="" time="6.2681012" start_time="12/29/2020 4:40 PM" classname="" />
    <testcase name="HeavenAndEarth-CallbackStack_SpinWin" value_param="" type_param="" status="" time="6.6316947" start_time="12/29/2020 4:40 PM" classname="" />
    <testcase name="HeavenAndEarth-CallbackStack_SpinWinFreeGames" value_param="" type_param="" status="" time="195.4605785" start_time="12/29/2020 4:40 PM" classname="" />
    <testcase name="HeavenAndEarth-CallbackStack_LoadAfterCompletedRound" value_param="" type_param="" status="" time="7.3283093" start_time="12/29/2020 4:44 PM" classname="" />
    <testcase name="HeavenAndEarth-CallbackStack_PlayEndedAfterAutoPlayStop_GDK-99" value_param="" type_param="" status="" time="9.5691145" start_time="12/29/2020 4:44 PM" classname="" />
    <testcase name="HeavenAndEarth-CallbackStack_SpinWinBigWin" value_param="" type_param="" status="" time="13.6100445" start_time="12/29/2020 4:44 PM" classname="" />
    <testcase name="HeavenAndEarth-CallbackStack_NotifyGameRules" value_param="" type_param="" status="" time="6.5078613" start_time="12/29/2020 4:44 PM" classname="" />
    <testcase name="HeavenAndEarth-CallbackStack_AutoPlayInsufficientFunds" value_param="" type_param="" status="" time="12.2977779" start_time="12/29/2020 4:44 PM" classname="" />
  </testsuite>
  <testsuite name="HeavenAndEarthFeatureTotalWinChanged_TestSuite.xml" tests="7" failures="0" disabled="0" errors="0" time="1214.6009256">
    <testcase name="HeavenAndEarth-FeatureTotalWinChanged-FreeGames" value_param="" type_param="" status="" time="194.5382344" start_time="12/29/2020 4:44 PM" classname="" />
    <testcase name="HeavenAndEarth-FeatureTotalWinChanged-ExtraFreeGames" value_param="" type_param="" status="" time="206.6649152" start_time="12/29/2020 4:48 PM" classname="" />
    <testcase name="HeavenAndEarth-FeatureTotalWinChanged-RecoveryBeforeFreeGames" value_param="" type_param="" status="" time="195.819381" start_time="12/29/2020 4:51 PM" classname="" />
    <testcase name="HeavenAndEarth-FeatureTotalWinChanged-RecoveryDuringFreeGames" value_param="" type_param="" status="" time="196.4315102" start_time="12/29/2020 4:54 PM" classname="" />
    <testcase name="HeavenAndEarth-FeatureTotalWinChanged-ExtraFreeGames-RecoveryBeforeFreeGames" value_param="" type_param="" status="" time="204.3803297" start_time="12/29/2020 4:58 PM" classname="" />
    <testcase name="HeavenAndEarth-FeatureTotalWinChanged-ExtraFreeGames-RecoveryDuringFreeGames" value_param="" type_param="" status="" time="210.5109758" start_time="12/29/2020 5:01 PM" classname="" />
    <testcase name="HeavenAndEarth-FeatureTotalWinChanged-WinVerification-NoFreeGames" value_param="" type_param="" status="" time="6.2555793" start_time="12/29/2020 5:05 PM" classname="" />
  </testsuite>
  <testsuite name="HeavenAndEarthPersistentData_TestSuite.xml" tests="8" failures="0" disabled="0" errors="0" time="482.8664625">
    <testcase name="HeavenAndEarth-PersistentGameData_Updated-FreeGames" value_param="" type_param="" status="" time="198.9422" start_time="12/29/2020 5:05 PM" classname="" />
    <testcase name="HeavenAndEarth-PersistentGameData_Updated-NoFreeGames" value_param="" type_param="" status="" time="10.3145581" start_time="12/29/2020 5:08 PM" classname="" />
    <testcase name="HeavenAndEarth-PersistentGameData_Updated-NoWin" value_param="" type_param="" status="" time="10.2441547" start_time="12/29/2020 5:08 PM" classname="" />
    <testcase name="HeavenAndEarth-PersistentGameData_Updated-InsufficientBalanceNoWin" value_param="" type_param="" status="" time="22.0462795" start_time="12/29/2020 5:08 PM" classname="" />
    <testcase name="HeavenAndEarth-PersistentGlobalData_Updated-FreeGames" value_param="" type_param="" status="" time="198.6193237" start_time="12/29/2020 5:09 PM" classname="" />
    <testcase name="HeavenAndEarth-PersistentGlobalData_Updated-NoFreeGames" value_param="" type_param="" status="" time="10.2313173" start_time="12/29/2020 5:12 PM" classname="" />
    <testcase name="HeavenAndEarth-PersistentGlobalData_Updated-NoWin" value_param="" type_param="" status="" time="10.1835082" start_time="12/29/2020 5:12 PM" classname="" />
    <testcase name="HeavenAndEarth-PersistentGlobalData_Updated-InsufficientBalanceNoWin" value_param="" type_param="" status="" time="22.285121" start_time="12/29/2020 5:12 PM" classname="" />
  </testsuite>
  <testsuite name="HeavenAndEarthRoundPresented_TestSuite.xml" tests="1" failures="0" disabled="0" errors="0" time="109.1090021">
    <testcase name="HeavenAndEarth-RoundPresented1" value_param="" type_param="" status="" time="109.1090021" start_time="12/29/2020 5:13 PM" classname="" />
  </testsuite>
  <testsuite name="HeavenAndEarthSignature_TestSuite.xml" tests="11" failures="0" disabled="0" errors="0" time="63.7181855">
    <testcase name="HeavenAndEarth-Signature_TriggerFeature0_NoSalt" value_param="" type_param="" status="" time="6.2228061" start_time="12/29/2020 5:15 PM" classname="" />
    <testcase name="HeavenAndEarth-Signature_NoSalt" value_param="" type_param="" status="" time="6.2984595" start_time="12/29/2020 5:15 PM" classname="" />
    <testcase name="HeavenAndEarth-Signature_ValidSalt" value_param="" type_param="" status="" time="6.2677139" start_time="12/29/2020 5:15 PM" classname="" />
    <testcase name="HeavenAndEarth-Signature_SpaceSalt" value_param="" type_param="" status="" time="6.1869076" start_time="12/29/2020 5:15 PM" classname="" />
    <testcase name="HeavenAndEarth-Signature_SpecialCharSalt" value_param="" type_param="" status="" time="6.2855335" start_time="12/29/2020 5:15 PM" classname="" />
    <testcase name="HeavenAndEarth-Signature_ValidSaltLength16" value_param="" type_param="" status="" time="9.3820437" start_time="12/29/2020 5:15 PM" classname="" />
    <testcase name="HeavenAndEarth-Signature_ValidSaltLength256" value_param="" type_param="" status="" time="9.389463" start_time="12/29/2020 5:15 PM" classname="" />
    <testcase name="HeavenAndEarth-Signature_InvalidSaltLength513" value_param="" type_param="" status="" time="0.730301" start_time="12/29/2020 5:15 PM" classname="" />
    <testcase name="HeavenAndEarth-Signature_InvalidSaltLength515" value_param="" type_param="" status="" time="0.6179125" start_time="12/29/2020 5:15 PM" classname="" />
    <testcase name="HeavenAndEarth-Signature_ValidSaltLength32" value_param="" type_param="" status="" time="6.1390632" start_time="12/29/2020 5:15 PM" classname="" />
    <testcase name="HeavenAndEarth-Signature_ValidSaltLength33" value_param="" type_param="" status="" time="6.1979815" start_time="12/29/2020 5:16 PM" classname="" />
  </testsuite>
  <testsuite name="HeavenAndEarthDecrementBetMultiplier_TestSuite.xml" tests="4" failures="0" disabled="0" errors="0" time="44.1789658">
    <testcase name="HeavenAndEarth-DB1" value_param="" type_param="" status="" time="10.3184607" start_time="12/29/2020 5:16 PM" classname="" />
    <testcase name="HeavenAndEarth-DB2" value_param="" type_param="" status="" time="10.4020774" start_time="12/29/2020 5:16 PM" classname="" />
    <testcase name="HeavenAndEarth-DB3" value_param="" type_param="" status="" time="10.4874884" start_time="12/29/2020 5:16 PM" classname="" />
    <testcase name="HeavenAndEarth-DB4" value_param="" type_param="" status="" time="12.9709393" start_time="12/29/2020 5:16 PM" classname="" />
  </testsuite>
  <testsuite name="HeavenAndEarthIncrementBetMultiplier_TestSuite.xml" tests="4" failures="0" disabled="0" errors="0" time="42.0588855">
    <testcase name="HeavenAndEarth-IB1" value_param="" type_param="" status="" time="10.5072181" start_time="12/29/2020 5:16 PM" classname="" />
    <testcase name="HeavenAndEarth-IB2" value_param="" type_param="" status="" time="10.3736627" start_time="12/29/2020 5:17 PM" classname="" />
    <testcase name="HeavenAndEarth-IB3" value_param="" type_param="" status="" time="10.9195594" start_time="12/29/2020 5:17 PM" classname="" />
    <testcase name="HeavenAndEarth-IB4" value_param="" type_param="" status="" time="10.2584453" start_time="12/29/2020 5:17 PM" classname="" />
  </testsuite>
  <testsuite name="HeavenAndEarthRequestMaxBet_TestSuite.xml" tests="5" failures="0" disabled="0" errors="0" time="33.1607813">
    <testcase name="HeavenAndEarth-RequestMaxBet_FromIndexZero" value_param="" type_param="" status="" time="6.8070037" start_time="12/29/2020 5:17 PM" classname="" />
    <testcase name="HeavenAndEarth-RequestMaxBet_FromIndexOne" value_param="" type_param="" status="" time="6.4703377" start_time="12/29/2020 5:17 PM" classname="" />
    <testcase name="HeavenAndEarth-RequestMaxBet_FromIndexFour" value_param="" type_param="" status="" time="6.6306977" start_time="12/29/2020 5:17 PM" classname="" />
    <testcase name="HeavenAndEarth-RequestMaxBet_DecreaseBet" value_param="" type_param="" status="" time="6.4854005" start_time="12/29/2020 5:17 PM" classname="" />
    <testcase name="HeavenAndEarth-RequestMaxBet_FromIndexSeven" value_param="" type_param="" status="" time="6.7673417" start_time="12/29/2020 5:18 PM" classname="" />
  </testsuite>
  <testsuite name="HeavenAndEarthSpinRequest_TestSuite.xml" tests="4" failures="0" disabled="0" errors="0" time="36.0199597">
    <testcase name="HeavenAndEarth-SpinRequest1" value_param="" type_param="" status="" time="9.7099381" start_time="12/29/2020 5:18 PM" classname="" />
    <testcase name="HeavenAndEarth-SpinRequest2" value_param="" type_param="" status="" time="9.8362032" start_time="12/29/2020 5:18 PM" classname="" />
    <testcase name="HeavenAndEarth-SpinRequest3" value_param="" type_param="" status="" time="7.7854151" start_time="12/29/2020 5:18 PM" classname="" />
    <testcase name="HeavenAndEarth-SpinRequest4" value_param="" type_param="" status="" time="8.6884033" start_time="12/29/2020 5:18 PM" classname="" />
  </testsuite>
  <testsuite name="HeavenAndEarthSpinButton_TestSuite.xml" tests="3" failures="2" disabled="0" errors="0" time="148.5548684">
    <testcase name="HeavenAndEarth-SpinButtonStartsAutoPlay" value_param="" type_param="" status="" time="122.8358092" start_time="12/29/2020 5:18 PM" classname="">
      <failure message="SpinOccurred, Expected: True, Actual: False" />
    </testcase>
    <testcase name="HeavenAndEarth-SpinButtonStopsAutoPlay" value_param="" type_param="" status="" time="17.5007282" start_time="12/29/2020 5:20 PM" classname="" />
    <testcase name="HeavenAndEarth-SpinButtonDoesNormalSpin" value_param="" type_param="" status="" time="8.218331" start_time="12/29/2020 5:21 PM" classname="">
      <failure message="SpinOccurred, Expected: False, Actual: True" />
    </testcase>
  </testsuite>
  <testsuite name="HeavenAndEarthLobbyBalance_TestSuite.xml" tests="1" failures="0" disabled="0" errors="0" time="10.4709906">
    <testcase name="HeavenAndEarth-BalanceCorrectOnReload" value_param="" type_param="" status="" time="10.4709906" start_time="12/29/2020 5:21 PM" classname="" />
  </testsuite>
</testsuites>